#
# A fatal error has been detected by the Java Runtime Environment:
#
#  SIGSEGV (0xb) at pc=0xa762609c, pid=7740, tid=3076196032
#
# JRE version: 7.0_15-b20
# Java VM: OpenJDK Client VM (23.7-b01 mixed mode, sharing linux-x86 )
# Problematic frame:
# C  [libwebkitgtk-1.0.so.0+0x17509c]  DumpRenderTreeSupportGtk::setComposition(_WebKitWebView*, char const*, int, int)+0xbedc
#
# Failed to write core dump. Core dumps have been disabled. To enable core dumping, try "ulimit -c unlimited" before starting Java again
#
# If you would like to submit a bug report, please include
# instructions on how to reproduce the bug and visit:
#   https://bugs.launchpad.net/ubuntu/+source/openjdk-7/
# The crash happened outside the Java Virtual Machine in native code.
# See problematic frame for where to report the bug.
#

---------------  T H R E A D  ---------------

Current thread (0x08681c00):  JavaThread "main" [_thread_in_native, id=7740, stack(0xbf809000,0xbf859000)]

siginfo:si_signo=SIGSEGV: si_errno=0, si_code=1 (SEGV_MAPERR), si_addr=0x00000208

Registers:
EAX=0xffffff00, EBX=0xa8a13ff4, ECX=0x00000003, EDX=0xb7757470
ESP=0xbf856280, EBP=0x086782b8, ESI=0x08677208, EDI=0x00000003
EIP=0xa762609c, EFLAGS=0x00010282, CR2=0x00000208

Top of Stack: (sp=0xbf856280)
0xbf856280:   0903c788 b72da3f6 b734bff4 b7769cbf
0xbf856290:   a8a13ff4 0904cba8 00000003 a762610b
0xbf8562a0:   08677208 00000002 00000000 b776ac39
0xbf8562b0:   0000000f a76260f6 b734bff4 b729ba7f
0xbf8562c0:   08677208 0904cba8 00000003 b72da410
0xbf8562d0:   08607f88 00000000 b776e9f2 b734bff4
0xbf8562e0:   0904cba8 00000003 086782b8 b729ad86
0xbf8562f0:   0904cba8 a76260f0 08677208 bf856338 

Instructions: (pc=0xa762609c)
0xa762607c:   74 dc 8b 06 89 04 24 e8 d8 9c 02 00 8b 40 40 85
0xa762608c:   c0 74 cb 8b 06 89 04 24 e8 c7 9c 02 00 8b 40 40
0xa762609c:   8b b8 08 03 00 00 8b 07 89 3c 24 ff 90 8c 00 00
0xa76260ac:   00 89 c2 8b 46 04 e8 39 fe ff ff 8b 07 89 3c 24 

Register to memory mapping:

EAX=0xffffff00 is an unknown value
EBX=0xa8a13ff4: <offset 0x1562ff4> in /usr/lib/libwebkitgtk-1.0.so.0 at 0xa74b1000
ECX=0x00000003 is an unknown value
EDX=0xb7757470: <offset 0x1a6470> in /lib/i386-linux-gnu/libc.so.6 at 0xb75b1000
ESP=0xbf856280 is pointing into the stack for thread: 0x08681c00
EBP=0x086782b8 is an unknown value
ESI=0x08677208 is an unknown value
EDI=0x00000003 is an unknown value


Stack: [0xbf809000,0xbf859000],  sp=0xbf856280,  free space=308k
Native frames: (J=compiled Java code, j=interpreted, Vv=VM code, C=native code)
C  [libwebkitgtk-1.0.so.0+0x17509c]  DumpRenderTreeSupportGtk::setComposition(_WebKitWebView*, char const*, int, int)+0xbedc

Java frames: (J=compiled Java code, j=interpreted, Vv=VM code)
J  org.eclipse.swt.internal.gtk.OS._g_main_context_iteration(IZ)Z
J  org.eclipse.swt.internal.gtk.OS.g_main_context_iteration(IZ)Z
j  org.eclipse.swt.widgets.Display.readAndDispatch()Z+36
j  org.eclipse.ui.internal.Workbench.runEventLoop(Lorg/eclipse/jface/window/Window$IExceptionHandler;Lorg/eclipse/swt/widgets/Display;)V+9
j  org.eclipse.ui.internal.Workbench.runUI()I+555
j  org.eclipse.ui.internal.Workbench.access$4(Lorg/eclipse/ui/internal/Workbench;)I+1
j  org.eclipse.ui.internal.Workbench$7.run()V+73
j  org.eclipse.core.databinding.observable.Realm.runWithDefault(Lorg/eclipse/core/databinding/observable/Realm;Ljava/lang/Runnable;)V+12
j  org.eclipse.ui.internal.Workbench.createAndRunWorkbench(Lorg/eclipse/swt/widgets/Display;Lorg/eclipse/ui/application/WorkbenchAdvisor;)I+18
j  org.eclipse.ui.PlatformUI.createAndRunWorkbench(Lorg/eclipse/swt/widgets/Display;Lorg/eclipse/ui/application/WorkbenchAdvisor;)I+2
j  org.eclipse.ui.internal.ide.application.IDEApplication.start(Lorg/eclipse/equinox/app/IApplicationContext;)Ljava/lang/Object;+108
j  org.eclipse.equinox.internal.app.EclipseAppHandle.run(Ljava/lang/Object;)Ljava/lang/Object;+135
j  org.eclipse.core.runtime.internal.adaptor.EclipseAppLauncher.runApplication(Ljava/lang/Object;)Ljava/lang/Object;+103
j  org.eclipse.core.runtime.internal.adaptor.EclipseAppLauncher.start(Ljava/lang/Object;)Ljava/lang/Object;+29
j  org.eclipse.core.runtime.adaptor.EclipseStarter.run(Ljava/lang/Object;)Ljava/lang/Object;+149
j  org.eclipse.core.runtime.adaptor.EclipseStarter.run([Ljava/lang/String;Ljava/lang/Runnable;)Ljava/lang/Object;+183
v  ~StubRoutines::call_stub
j  sun.reflect.NativeMethodAccessorImpl.invoke0(Ljava/lang/reflect/Method;Ljava/lang/Object;[Ljava/lang/Object;)Ljava/lang/Object;+0
j  sun.reflect.NativeMethodAccessorImpl.invoke(Ljava/lang/Object;[Ljava/lang/Object;)Ljava/lang/Object;+87
j  sun.reflect.DelegatingMethodAccessorImpl.invoke(Ljava/lang/Object;[Ljava/lang/Object;)Ljava/lang/Object;+6
j  java.lang.reflect.Method.invoke(Ljava/lang/Object;[Ljava/lang/Object;)Ljava/lang/Object;+57
j  org.eclipse.equinox.launcher.Main.invokeFramework([Ljava/lang/String;[Ljava/net/URL;)V+211
j  org.eclipse.equinox.launcher.Main.basicRun([Ljava/lang/String;)V+126
j  org.eclipse.equinox.launcher.Main.run([Ljava/lang/String;)I+4
v  ~StubRoutines::call_stub

---------------  P R O C E S S  ---------------

Java Threads: ( => current thread )
  0xb1b03000 JavaThread "Worker-6" [_thread_blocked, id=7822, stack(0xa1722000,0xa1773000)]
  0xb19ec400 JavaThread "Worker-5" [_thread_blocked, id=7821, stack(0xa1773000,0xa17c4000)]
  0x09059c00 JavaThread "Worker-4" [_thread_blocked, id=7820, stack(0xa17c4000,0xa1815000)]
  0xb5c09000 JavaThread "Worker-3" [_thread_blocked, id=7819, stack(0xa1815000,0xa1866000)]
  0xb1424800 JavaThread "Worker-2" [_thread_blocked, id=7818, stack(0xb155e000,0xb15af000)]
  0x08b94400 JavaThread "Worker-1" [_thread_blocked, id=7817, stack(0xaaa25000,0xaaa76000)]
  0x08e1d800 JavaThread "Java indexing" daemon [_thread_blocked, id=7805, stack(0xaa75a000,0xaa7ab000)]
  0x0896b000 JavaThread "Worker-0" [_thread_blocked, id=7802, stack(0xaaa89000,0xaaada000)]
  0xb5c04c00 JavaThread "[ThreadPool Manager] - Idle Thread" daemon [_thread_blocked, id=7789, stack(0xb176b000,0xb17bc000)]
  0xb1d8ec00 JavaThread "Worker-JM" [_thread_blocked, id=7779, stack(0xb15af000,0xb1600000)]
  0xb1d3c400 JavaThread "[Timer] - Main Queue Handler" daemon [_thread_blocked, id=7778, stack(0xb171a000,0xb176b000)]
  0xb1d1dc00 JavaThread "Framework Event Dispatcher" daemon [_thread_blocked, id=7776, stack(0xb17bc000,0xb180d000)]
  0x087ce400 JavaThread "Start Level Event Dispatcher" daemon [_thread_blocked, id=7766, stack(0xb180d000,0xb185e000)]
  0x087e4400 JavaThread "State Data Manager" daemon [_thread_blocked, id=7765, stack(0xb185e000,0xb18af000)]
  0x087bd800 JavaThread "Framework Active Thread" [_thread_blocked, id=7764, stack(0xb18af000,0xb1900000)]
  0x086be000 JavaThread "Service Thread" daemon [_thread_blocked, id=7762, stack(0xb1aaf000,0xb1b00000)]
  0x086bc400 JavaThread "C1 CompilerThread0" daemon [_thread_blocked, id=7761, stack(0xb1c2e000,0xb1caf000)]
  0x086ba800 JavaThread "Signal Dispatcher" daemon [_thread_blocked, id=7760, stack(0xb1caf000,0xb1d00000)]
  0x086ac800 JavaThread "Finalizer" daemon [_thread_blocked, id=7759, stack(0xb2050000,0xb20a1000)]
  0x086ab000 JavaThread "Reference Handler" daemon [_thread_blocked, id=7758, stack(0xb20a1000,0xb20f2000)]
=>0x08681c00 JavaThread "main" [_thread_in_native, id=7740, stack(0xbf809000,0xbf859000)]

Other Threads:
  0x086a9800 VMThread [stack: 0xb20f2000,0xb2173000] [id=7757]
  0x086c0800 WatcherThread [stack: 0xb1a2e000,0xb1aaf000] [id=7763]

VM state:not at safepoint (normal execution)

VM Mutex/Monitor currently owned by a thread: None

Heap
 def new generation   total 13440K, used 10516K [0x6b780000, 0x6c610000, 0x73780000)
  eden space 11968K,  87% used [0x6b780000, 0x6c1c5000, 0x6c330000)
  from space 1472K,   0% used [0x6c330000, 0x6c330000, 0x6c4a0000)
  to   space 1472K,   0% used [0x6c4a0000, 0x6c4a0000, 0x6c610000)
 tenured generation   total 29720K, used 17028K [0x73780000, 0x75486000, 0x83780000)
   the space 29720K,  57% used [0x73780000, 0x748213c0, 0x74821400, 0x75486000)
 compacting perm gen  total 22272K, used 22268K [0x83780000, 0x84d40000, 0x93780000)
   the space 22272K,  99% used [0x83780000, 0x84d3f0e0, 0x84d3f200, 0x84d40000)
    ro space 10240K,  60% used [0x93780000, 0x93d92050, 0x93d92200, 0x94180000)
    rw space 12288K,  61% used [0x94180000, 0x948e80a0, 0x948e8200, 0x94d80000)

Card table byte_map: [0xb2470000,0xb25bc000] byte_map_base: 0xb2114400

Polling page: 0xb73a0000

Code Cache  [0xb263c000, 0xb28ec000, 0xb463c000)
 total_blobs=1265 nmethods=1082 adapters=116 free_code_cache=30030Kb largest_free_block=30751552

Compilation events (10 events):
Event: 64,102 Thread 0x086bc400 1068             org.eclipse.ui.internal.services.EvaluationReference::isPostingChanges (5 bytes)
Event: 64,102 Thread 0x086bc400 nmethod 1068 0xb28e6408 code [0xb28e6500, 0xb28e6580]
Event: 64,102 Thread 0x086bc400 1069   !         org.eclipse.ui.internal.handlers.HandlerAuthority::getEvaluationService (73 bytes)
Event: 64,103 Thread 0x086bc400 nmethod 1069 0xb28e65c8 code [0xb28e6750, 0xb28e6a54]
Event: 64,103 Thread 0x086bc400 1070             org.eclipse.ui.internal.services.EvaluationAuthority::refsWithSameExpression (140 bytes)
Event: 64,107 Thread 0x086bc400 nmethod 1070 0xb28e6d08 code [0xb28e6ef0, 0xb28e7470]
Event: 64,112 Thread 0x086bc400 1071             org.eclipse.swt.graphics.Color::isDisposed (13 bytes)
Event: 64,112 Thread 0x086bc400 nmethod 1071 0xb28e7b08 code [0xb28e7c00, 0xb28e7c90]
Event: 64,129 Thread 0x086bc400 1074             org.eclipse.core.expressions.EvaluationResult::and (14 bytes)
Event: 64,130 Thread 0x086bc400 nmethod 1074 0xb28e81c8 code [0xb28e82d0, 0xb28e83a0]

GC Heap History (10 events):
Event: 56,197 GC heap before
{Heap before GC invocations=6 (full 0):
 def new generation   total 12288K, used 12288K [0x6b780000, 0x6c4d0000, 0x73780000)
  eden space 10944K, 100% used [0x6b780000, 0x6c230000, 0x6c230000)
  from space 1344K, 100% used [0x6c230000, 0x6c380000, 0x6c380000)
  to   space 1344K,   0% used [0x6c380000, 0x6c380000, 0x6c4d0000)
 tenured generation   total 27328K, used 17892K [0x73780000, 0x75230000, 0x83780000)
   the space 27328K,  65% used [0x73780000, 0x748f92c0, 0x748f9400, 0x75230000)
 compacting perm gen  total 14848K, used 14647K [0x83780000, 0x84600000, 0x93780000)
   the space 14848K,  98% used [0x83780000, 0x845cdd60, 0x845cde00, 0x84600000)
    ro space 10240K,  60% used [0x93780000, 0x93d92050, 0x93d92200, 0x94180000)
    rw space 12288K,  61% used [0x94180000, 0x948e80a0, 0x948e8200, 0x94d80000)
Event: 56,231 GC heap after
Heap after GC invocations=7 (full 0):
 def new generation   total 12288K, used 1344K [0x6b780000, 0x6c4d0000, 0x73780000)
  eden space 10944K,   0% used [0x6b780000, 0x6b780000, 0x6c230000)
  from space 1344K, 100% used [0x6c380000, 0x6c4d0000, 0x6c4d0000)
  to   space 1344K,   0% used [0x6c230000, 0x6c230000, 0x6c380000)
 tenured generation   total 27328K, used 21606K [0x73780000, 0x75230000, 0x83780000)
   the space 27328K,  79% used [0x73780000, 0x74c99828, 0x74c99a00, 0x75230000)
 compacting perm gen  total 14848K, used 14647K [0x83780000, 0x84600000, 0x93780000)
   the space 14848K,  98% used [0x83780000, 0x845cdd60, 0x845cde00, 0x84600000)
    ro space 10240K,  60% used [0x93780000, 0x93d92050, 0x93d92200, 0x94180000)
    rw space 12288K,  61% used [0x94180000, 0x948e80a0, 0x948e8200, 0x94d80000)
}
Event: 56,898 GC heap before
{Heap before GC invocations=7 (full 0):
 def new generation   total 12288K, used 11691K [0x6b780000, 0x6c4d0000, 0x73780000)
  eden space 10944K,  94% used [0x6b780000, 0x6c19ad10, 0x6c230000)
  from space 1344K, 100% used [0x6c380000, 0x6c4d0000, 0x6c4d0000)
  to   space 1344K,   0% used [0x6c230000, 0x6c230000, 0x6c380000)
 tenured generation   total 27328K, used 21606K [0x73780000, 0x75230000, 0x83780000)
   the space 27328K,  79% used [0x73780000, 0x74c99828, 0x74c99a00, 0x75230000)
 compacting perm gen  total 16384K, used 16383K [0x83780000, 0x84780000, 0x93780000)
   the space 16384K,  99% used [0x83780000, 0x8477ffe0, 0x84780000, 0x84780000)
    ro space 10240K,  60% used [0x93780000, 0x93d92050, 0x93d92200, 0x94180000)
    rw space 12288K,  61% used [0x94180000, 0x948e80a0, 0x948e8200, 0x94d80000)
Event: 57,014 GC heap after
Heap after GC invocations=8 (full 1):
 def new generation   total 13440K, used 0K [0x6b780000, 0x6c610000, 0x73780000)
  eden space 11968K,   0% used [0x6b780000, 0x6b780000, 0x6c330000)
  from space 1472K,   0% used [0x6c330000, 0x6c330000, 0x6c4a0000)
  to   space 1472K,   0% used [0x6c4a0000, 0x6c4a0000, 0x6c610000)
 tenured generation   total 29720K, used 17831K [0x73780000, 0x75486000, 0x83780000)
   the space 29720K,  59% used [0x73780000, 0x748e9e50, 0x748ea000, 0x75486000)
 compacting perm gen  total 16384K, used 16383K [0x83780000, 0x84780000, 0x93780000)
   the space 16384K,  99% used [0x83780000, 0x8477ffe0, 0x84780000, 0x84780000)
    ro space 10240K,  60% used [0x93780000, 0x93d92050, 0x93d92200, 0x94180000)
    rw space 12288K,  61% used [0x94180000, 0x948e80a0, 0x948e8200, 0x94d80000)
}
Event: 57,521 GC heap before
{Heap before GC invocations=8 (full 1):
 def new generation   total 13440K, used 11968K [0x6b780000, 0x6c610000, 0x73780000)
  eden space 11968K, 100% used [0x6b780000, 0x6c330000, 0x6c330000)
  from space 1472K,   0% used [0x6c330000, 0x6c330000, 0x6c4a0000)
  to   space 1472K,   0% used [0x6c4a0000, 0x6c4a0000, 0x6c610000)
 tenured generation   total 29720K, used 17831K [0x73780000, 0x75486000, 0x83780000)
   the space 29720K,  59% used [0x73780000, 0x748e9e50, 0x748ea000, 0x75486000)
 compacting perm gen  total 17408K, used 17375K [0x83780000, 0x84880000, 0x93780000)
   the space 17408K,  99% used [0x83780000, 0x84877ed0, 0x84878000, 0x84880000)
    ro space 10240K,  60% used [0x93780000, 0x93d92050, 0x93d92200, 0x94180000)
    rw space 12288K,  61% used [0x94180000, 0x948e80a0, 0x948e8200, 0x94d80000)
Event: 57,542 GC heap after
Heap after GC invocations=9 (full 1):
 def new generation   total 13440K, used 1472K [0x6b780000, 0x6c610000, 0x73780000)
  eden space 11968K,   0% used [0x6b780000, 0x6b780000, 0x6c330000)
  from space 1472K, 100% used [0x6c4a0000, 0x6c610000, 0x6c610000)
  to   space 1472K,   0% used [0x6c330000, 0x6c330000, 0x6c4a0000)
 tenured generation   total 29720K, used 18919K [0x73780000, 0x75486000, 0x83780000)
   the space 29720K,  63% used [0x73780000, 0x749f9fe0, 0x749fa000, 0x75486000)
 compacting perm gen  total 17408K, used 17375K [0x83780000, 0x84880000, 0x93780000)
   the space 17408K,  99% used [0x83780000, 0x84877ed0, 0x84878000, 0x84880000)
    ro space 10240K,  60% used [0x93780000, 0x93d92050, 0x93d92200, 0x94180000)
    rw space 12288K,  61% used [0x94180000, 0x948e80a0, 0x948e8200, 0x94d80000)
}
Event: 58,625 GC heap before
{Heap before GC invocations=9 (full 1):
 def new generation   total 13440K, used 13440K [0x6b780000, 0x6c610000, 0x73780000)
  eden space 11968K, 100% used [0x6b780000, 0x6c330000, 0x6c330000)
  from space 1472K, 100% used [0x6c4a0000, 0x6c610000, 0x6c610000)
  to   space 1472K,   0% used [0x6c330000, 0x6c330000, 0x6c4a0000)
 tenured generation   total 29720K, used 18919K [0x73780000, 0x75486000, 0x83780000)
   the space 29720K,  63% used [0x73780000, 0x749f9fe0, 0x749fa000, 0x75486000)
 compacting perm gen  total 20224K, used 20031K [0x83780000, 0x84b40000, 0x93780000)
   the space 20224K,  99% used [0x83780000, 0x84b0fca0, 0x84b0fe00, 0x84b40000)
    ro space 10240K,  60% used [0x93780000, 0x93d92050, 0x93d92200, 0x94180000)
    rw space 12288K,  61% used [0x94180000, 0x948e80a0, 0x948e8200, 0x94d80000)
Event: 58,651 GC heap after
Heap after GC invocations=10 (full 1):
 def new generation   total 13440K, used 1472K [0x6b780000, 0x6c610000, 0x73780000)
  eden space 11968K,   0% used [0x6b780000, 0x6b780000, 0x6c330000)
  from space 1472K, 100% used [0x6c330000, 0x6c4a0000, 0x6c4a0000)
  to   space 1472K,   0% used [0x6c4a0000, 0x6c4a0000, 0x6c610000)
 tenured generation   total 29720K, used 22932K [0x73780000, 0x75486000, 0x83780000)
   the space 29720K,  77% used [0x73780000, 0x74de5218, 0x74de5400, 0x75486000)
 compacting perm gen  total 20224K, used 20031K [0x83780000, 0x84b40000, 0x93780000)
   the space 20224K,  99% used [0x83780000, 0x84b0fca0, 0x84b0fe00, 0x84b40000)
    ro space 10240K,  60% used [0x93780000, 0x93d92050, 0x93d92200, 0x94180000)
    rw space 12288K,  61% used [0x94180000, 0x948e80a0, 0x948e8200, 0x94d80000)
}
Event: 59,786 GC heap before
{Heap before GC invocations=10 (full 1):
 def new generation   total 13440K, used 10781K [0x6b780000, 0x6c610000, 0x73780000)
  eden space 11968K,  77% used [0x6b780000, 0x6c097500, 0x6c330000)
  from space 1472K, 100% used [0x6c330000, 0x6c4a0000, 0x6c4a0000)
  to   space 1472K,   0% used [0x6c4a0000, 0x6c4a0000, 0x6c610000)
 tenured generation   total 29720K, used 22932K [0x73780000, 0x75486000, 0x83780000)
   the space 29720K,  77% used [0x73780000, 0x74de5218, 0x74de5400, 0x75486000)
 compacting perm gen  total 20480K, used 20478K [0x83780000, 0x84b80000, 0x93780000)
   the space 20480K,  99% used [0x83780000, 0x84b7f958, 0x84b7fa00, 0x84b80000)
    ro space 10240K,  60% used [0x93780000, 0x93d92050, 0x93d92200, 0x94180000)
    rw space 12288K,  61% used [0x94180000, 0x948e80a0, 0x948e8200, 0x94d80000)
Event: 59,915 GC heap after
Heap after GC invocations=11 (full 2):
 def new generation   total 13440K, used 0K [0x6b780000, 0x6c610000, 0x73780000)
  eden space 11968K,   0% used [0x6b780000, 0x6b780000, 0x6c330000)
  from space 1472K,   0% used [0x6c330000, 0x6c330000, 0x6c4a0000)
  to   space 1472K,   0% used [0x6c4a0000, 0x6c4a0000, 0x6c610000)
 tenured generation   total 29720K, used 17028K [0x73780000, 0x75486000, 0x83780000)
   the space 29720K,  57% used [0x73780000, 0x748213c0, 0x74821400, 0x75486000)
 compacting perm gen  total 20480K, used 20478K [0x83780000, 0x84b80000, 0x93780000)
   the space 20480K,  99% used [0x83780000, 0x84b7f958, 0x84b7fa00, 0x84b80000)
    ro space 10240K,  60% used [0x93780000, 0x93d92050, 0x93d92200, 0x94180000)
    rw space 12288K,  61% used [0x94180000, 0x948e80a0, 0x948e8200, 0x94d80000)
}

Deoptimization events (0 events):
No events

Internal exceptions (10 events):
Event: 60,239 Thread 0x08681c00 Threw 0x6b8bd048 at /build/buildd/openjdk-7-7u15-2.3.7/build/openjdk/hotspot/src/share/vm/prims/jni.cpp:716
Event: 60,254 Thread 0x08681c00 Threw 0x6b8e68c0 at /build/buildd/openjdk-7-7u15-2.3.7/build/openjdk/hotspot/src/share/vm/prims/jni.cpp:716
Event: 60,254 Thread 0x08681c00 Threw 0x6b8e8098 at /build/buildd/openjdk-7-7u15-2.3.7/build/openjdk/hotspot/src/share/vm/prims/jni.cpp:716
Event: 60,288 Thread 0x08681c00 Threw 0x6b916cd0 at /build/buildd/openjdk-7-7u15-2.3.7/build/openjdk/hotspot/src/share/vm/prims/jni.cpp:716
Event: 60,492 Thread 0x09059c00 Threw 0x6bdf8610 at /build/buildd/openjdk-7-7u15-2.3.7/build/openjdk/hotspot/src/share/vm/prims/jni.cpp:716
Event: 60,543 Thread 0x09059c00 Threw 0x6bf66008 at /build/buildd/openjdk-7-7u15-2.3.7/build/openjdk/hotspot/src/share/vm/prims/jni.cpp:716
Event: 64,030 Thread 0x08681c00 Threw 0x6c149778 at /build/buildd/openjdk-7-7u15-2.3.7/build/openjdk/hotspot/src/share/vm/prims/jvm.cpp:1166
Event: 64,030 Thread 0x08681c00 Threw 0x6c149d38 at /build/buildd/openjdk-7-7u15-2.3.7/build/openjdk/hotspot/src/share/vm/classfile/systemDictionary.cpp:179
Event: 64,030 Thread 0x08681c00 Threw 0x6c14acf8 at /build/buildd/openjdk-7-7u15-2.3.7/build/openjdk/hotspot/src/share/vm/prims/jvm.cpp:1166
Event: 64,030 Thread 0x08681c00 Threw 0x6c14b518 at /build/buildd/openjdk-7-7u15-2.3.7/build/openjdk/hotspot/src/share/vm/prims/jvm.cpp:1166

Events (10 events):
Event: 62,587 loading class 0x090a7e88
Event: 62,587 loading class 0x090a7e88 done
Event: 62,587 loading class 0x0907e4b0
Event: 62,587 loading class 0x0907e4b0 done
Event: 64,030 loading class 0x090462b0
Event: 64,030 loading class 0x090462b0 done
Event: 64,030 loading class 0x09044a78
Event: 64,030 loading class 0x09044a78 done
Event: 64,030 loading class 0x09044a78
Event: 64,030 loading class 0x09044a78 done


Dynamic libraries:
08048000-0804c000 r-xp 00000000 07:00 178039     /usr/lib/eclipse/eclipse
0804c000-0804d000 r--p 00003000 07:00 178039     /usr/lib/eclipse/eclipse
0804d000-0804e000 rw-p 00004000 07:00 178039     /usr/lib/eclipse/eclipse
085e1000-0911f000 rw-p 00000000 00:00 0          [heap]
6b780000-6c610000 rw-p 00000000 00:00 0 
6c610000-73780000 rw-p 00000000 00:00 0 
73780000-75486000 rw-p 00000000 00:00 0 
75486000-83780000 rw-p 00000000 00:00 0 
83780000-84d40000 rw-p 00000000 00:00 0 
84d40000-93780000 rw-p 00000000 00:00 0 
93780000-93d93000 r--p 00001000 07:00 786510     /usr/lib/jvm/java-7-openjdk-i386/jre/lib/i386/client/classes.jsa
93d93000-94180000 rw-p 00000000 00:00 0 
94180000-948e9000 rw-p 00614000 07:00 786510     /usr/lib/jvm/java-7-openjdk-i386/jre/lib/i386/client/classes.jsa
948e9000-94d80000 rw-p 00000000 00:00 0 
94d80000-95099000 rw-p 00d7d000 07:00 786510     /usr/lib/jvm/java-7-openjdk-i386/jre/lib/i386/client/classes.jsa
95099000-95180000 rw-p 00000000 00:00 0 
95180000-95189000 r-xp 01096000 07:00 786510     /usr/lib/jvm/java-7-openjdk-i386/jre/lib/i386/client/classes.jsa
95189000-95580000 rw-p 00000000 00:00 0 
a169e000-a16fd000 r--p 00000000 07:00 690435     /usr/share/fonts/truetype/ubuntu-font-family/Ubuntu-RI.ttf
a16fd000-a1700000 r--s 00019000 07:00 928478     /home/rahma/.eclipse/org.eclipse.platform_3.7.0_155965261/plugins/org.eclipse.m2e.discovery_1.0.200.20111228-1245.jar
a1700000-a1709000 r--s 00086000 07:00 180451     /usr/share/eclipse/plugins/org.eclipse.update.core_3.2.500.dist.jar
a1709000-a170b000 r--s 00005000 07:00 180452     /usr/share/eclipse/plugins/org.eclipse.update.scheduler_3.2.300.dist.jar
a170b000-a170c000 r--s 00002000 07:00 180410     /usr/share/eclipse/plugins/org.eclipse.equinox.p2.updatechecker_1.1.200.dist.jar
a170c000-a170f000 r--s 00017000 07:00 178137     /usr/lib/eclipse/plugins/org.eclipse.equinox.p2.metadata.repository_1.2.0.dist.jar
a170f000-a1713000 r--s 0001a000 07:00 180402     /usr/share/eclipse/plugins/org.eclipse.equinox.p2.repository_2.1.1.dist.jar
a1713000-a171a000 r--s 00049000 07:00 180398     /usr/share/eclipse/plugins/org.eclipse.equinox.p2.metadata_2.1.0.dist.jar
a171a000-a171e000 r--s 00028000 07:00 180395     /usr/share/eclipse/plugins/org.eclipse.equinox.p2.engine_2.1.1.dist.jar
a171e000-a1720000 r--s 0000b000 07:00 180399     /usr/share/eclipse/plugins/org.eclipse.equinox.p2.operations_2.1.1.dist.jar
a1720000-a1722000 r--s 0000b000 07:00 180407     /usr/share/eclipse/plugins/org.eclipse.equinox.p2.ui.sdk.scheduler_1.0.100.dist.jar
a1722000-a1725000 ---p 00000000 00:00 0 
a1725000-a1773000 rw-p 00000000 00:00 0 
a1773000-a1776000 ---p 00000000 00:00 0 
a1776000-a17c4000 rw-p 00000000 00:00 0 
a17c4000-a17c7000 ---p 00000000 00:00 0 
a17c7000-a1815000 rw-p 00000000 00:00 0 
a1815000-a1818000 ---p 00000000 00:00 0 
a1818000-a1b20000 rw-p 00000000 00:00 0 
a1b20000-a1b22000 r--s 00009000 07:00 180441     /usr/share/eclipse/plugins/org.eclipse.ui.net_1.2.100.dist.jar
a1b22000-a1b24000 r--s 00015000 07:00 786520     /usr/lib/jvm/java-7-openjdk-common/jre/lib/jce.jar
a1b24000-a1bd4000 r--p 00000000 07:00 262283     /usr/share/fonts/truetype/ttf-dejavu/DejaVuSans.ttf
a33d7000-a34d7000 rw-p 00000000 00:00 0 
a34d7000-a34f6000 rw-p 00000000 00:00 0 
a3cf7000-a3cf8000 ---p 00000000 00:00 0 
a3cf8000-a44f8000 rw-p 00000000 00:00 0 
a44f8000-a44f9000 ---p 00000000 00:00 0 
a44f9000-a4cf9000 rw-p 00000000 00:00 0 
a4cf9000-a4cfa000 ---p 00000000 00:00 0 
a4cfa000-a54fa000 rw-p 00000000 00:00 0 
a54fa000-a54fb000 ---p 00000000 00:00 0 
a54fb000-a5cfb000 rw-p 00000000 00:00 0 
a5cfb000-a5cff000 rwxp 00000000 00:00 0 
a5cff000-a5d05000 r--s 00042000 07:00 180436     /usr/share/eclipse/plugins/org.eclipse.ui.forms_3.5.101.dist.jar
a5d05000-a5dde000 rw-p 00000000 00:00 0 
a5dde000-a5de2000 rwxp 00000000 00:00 0 
a5de2000-a6201000 rw-p 00000000 00:00 0 
a621f000-a6340000 rw-p 00000000 00:00 0 
a6340000-a74af000 r-xp 00000000 07:00 152450     /usr/lib/libicudata.so.48.1.1
a74af000-a74b0000 r--p 0116e000 07:00 152450     /usr/lib/libicudata.so.48.1.1
a74b0000-a74b1000 rw-p 0116f000 07:00 152450     /usr/lib/libicudata.so.48.1.1
a74b1000-a895c000 r-xp 00000000 07:00 144202     /usr/lib/libwebkitgtk-1.0.so.0.13.4
a895c000-a895d000 ---p 014ab000 07:00 144202     /usr/lib/libwebkitgtk-1.0.so.0.13.4
a895d000-a8a14000 r--p 014ab000 07:00 144202     /usr/lib/libwebkitgtk-1.0.so.0.13.4
a8a14000-a8a1d000 rw-p 01562000 07:00 144202     /usr/lib/libwebkitgtk-1.0.so.0.13.4
a8a1d000-a8a24000 rw-p 00000000 00:00 0 
a8a24000-a8a84000 rw-s 00000000 00:04 196610     /SYSV00000000 (deleted)
a8a84000-a8ad6000 r--p 00000000 07:00 690436     /usr/share/fonts/truetype/ubuntu-font-family/Ubuntu-B.ttf
a8ad6000-a8ad9000 r--s 00016000 07:00 180413     /usr/share/eclipse/plugins/org.eclipse.equinox.security_1.1.1.dist.jar
a8ad9000-a8add000 r-xp 00000000 07:00 526590     /usr/lib/i386-linux-gnu/gio/modules/libgiognomeproxy.so
a8add000-a8ade000 r--p 00003000 07:00 526590     /usr/lib/i386-linux-gnu/gio/modules/libgiognomeproxy.so
a8ade000-a8adf000 rw-p 00004000 07:00 526590     /usr/lib/i386-linux-gnu/gio/modules/libgiognomeproxy.so
a8adf000-a8ae6000 r--p 00000000 07:00 287392     /usr/share/locale-langpack/fr/LC_MESSAGES/webkit-2.0.mo
a8ae6000-a8aea000 r-xp 00000000 07:00 545327     /lib/i386-linux-gnu/libuuid.so.1.3.0
a8aea000-a8aeb000 r--p 00003000 07:00 545327     /lib/i386-linux-gnu/libuuid.so.1.3.0
a8aeb000-a8aec000 rw-p 00004000 07:00 545327     /lib/i386-linux-gnu/libuuid.so.1.3.0
a8aec000-a8b77000 r-xp 00000000 07:00 527395     /usr/lib/i386-linux-gnu/liborc-0.4.so.0.16.0
a8b77000-a8b78000 r--p 0008a000 07:00 527395     /usr/lib/i386-linux-gnu/liborc-0.4.so.0.16.0
a8b78000-a8b7c000 rw-p 0008b000 07:00 527395     /usr/lib/i386-linux-gnu/liborc-0.4.so.0.16.0
a8b7c000-a8bd4000 r-xp 00000000 07:00 545340     /usr/lib/i386-linux-gnu/libXt.so.6.0.0
a8bd4000-a8bd5000 r--p 00057000 07:00 545340     /usr/lib/i386-linux-gnu/libXt.so.6.0.0
a8bd5000-a8bd8000 rw-p 00058000 07:00 545340     /usr/lib/i386-linux-gnu/libXt.so.6.0.0
a8bd8000-a8d2e000 r-xp 00000000 07:00 152453     /usr/lib/libicuuc.so.48.1.1
a8d2e000-a8d38000 r--p 00155000 07:00 152453     /usr/lib/libicuuc.so.48.1.1
a8d38000-a8d39000 rw-p 0015f000 07:00 152453     /usr/lib/libicuuc.so.48.1.1
a8d39000-a8d3d000 rw-p 00000000 00:00 0 
a8d3d000-a8f0b000 r-xp 00000000 07:00 152457     /usr/lib/libicui18n.so.48.1.1
a8f0b000-a8f0c000 ---p 001ce000 07:00 152457     /usr/lib/libicui18n.so.48.1.1
a8f0c000-a8f12000 r--p 001ce000 07:00 152457     /usr/lib/libicui18n.so.48.1.1
a8f12000-a8f13000 rw-p 001d4000 07:00 152457     /usr/lib/libicui18n.so.48.1.1
a8f13000-a8f14000 rw-p 00000000 00:00 0 
a8f14000-a92bb000 r-xp 00000000 07:00 144200     /usr/lib/libjavascriptcoregtk-1.0.so.0.13.4
a92bb000-a92c2000 r--p 003a6000 07:00 144200     /usr/lib/libjavascriptcoregtk-1.0.so.0.13.4
a92c2000-a92c6000 rw-p 003ad000 07:00 144200     /usr/lib/libjavascriptcoregtk-1.0.so.0.13.4
a92c6000-a92d7000 rw-p 00000000 00:00 0 
a92d7000-a92d8000 ---p 00000000 00:00 0 
a92d8000-a9ad8000 rw-p 00000000 00:00 0 
a9ad8000-a9ad9000 ---p 00000000 00:00 0 
a9ad9000-aa2d9000 rw-p 00000000 00:00 0 
aa2d9000-aa2db000 r--s 0000e000 07:00 180362     /usr/share/eclipse/plugins/org.eclipse.core.net_1.2.100.dist.jar
aa2db000-aa2f1000 r-xp 00000000 07:00 545244     /usr/lib/i386-linux-gnu/libICE.so.6.3.0
aa2f1000-aa2f2000 r--p 00015000 07:00 545244     /usr/lib/i386-linux-gnu/libICE.so.6.3.0
aa2f2000-aa2f3000 rw-p 00016000 07:00 545244     /usr/lib/i386-linux-gnu/libICE.so.6.3.0
aa2f3000-aa2f5000 rw-p 00000000 00:00 0 
aa2f5000-aa2fc000 r-xp 00000000 07:00 545333     /usr/lib/i386-linux-gnu/libSM.so.6.0.1
aa2fc000-aa2fd000 r--p 00006000 07:00 545333     /usr/lib/i386-linux-gnu/libSM.so.6.0.1
aa2fd000-aa2fe000 rw-p 00007000 07:00 545333     /usr/lib/i386-linux-gnu/libSM.so.6.0.1
aa2fe000-aa322000 r-xp 00000000 07:00 526209     /usr/lib/i386-linux-gnu/libdbus-glib-1.so.2.2.2
aa322000-aa323000 r--p 00023000 07:00 526209     /usr/lib/i386-linux-gnu/libdbus-glib-1.so.2.2.2
aa323000-aa324000 rw-p 00024000 07:00 526209     /usr/lib/i386-linux-gnu/libdbus-glib-1.so.2.2.2
aa324000-aa3c6000 r-xp 00000000 07:00 545400     /usr/lib/i386-linux-gnu/libsqlite3.so.0.8.6
aa3c6000-aa3c7000 r--p 000a2000 07:00 545400     /usr/lib/i386-linux-gnu/libsqlite3.so.0.8.6
aa3c7000-aa3c8000 rw-p 000a3000 07:00 545400     /usr/lib/i386-linux-gnu/libsqlite3.so.0.8.6
aa3c8000-aa3c9000 rw-p 00000000 00:00 0 
aa3c9000-aa403000 r-xp 00000000 07:00 550350     /usr/lib/i386-linux-gnu/libxslt.so.1.1.26
aa403000-aa404000 r--p 0003a000 07:00 550350     /usr/lib/i386-linux-gnu/libxslt.so.1.1.26
aa404000-aa405000 rw-p 0003b000 07:00 550350     /usr/lib/i386-linux-gnu/libxslt.so.1.1.26
aa405000-aa44a000 r-xp 00000000 07:00 526459     /usr/lib/i386-linux-gnu/libjpeg.so.8.0.2
aa44a000-aa44b000 r--p 00044000 07:00 526459     /usr/lib/i386-linux-gnu/libjpeg.so.8.0.2
aa44b000-aa44c000 rw-p 00045000 07:00 526459     /usr/lib/i386-linux-gnu/libjpeg.so.8.0.2
aa44c000-aa45c000 rw-p 00000000 00:00 0 
aa45c000-aa53f000 r-xp 00000000 07:00 527379     /usr/lib/i386-linux-gnu/libgstreamer-0.10.so.0.30.0
aa53f000-aa542000 r--p 000e2000 07:00 527379     /usr/lib/i386-linux-gnu/libgstreamer-0.10.so.0.30.0
aa542000-aa543000 rw-p 000e5000 07:00 527379     /usr/lib/i386-linux-gnu/libgstreamer-0.10.so.0.30.0
aa543000-aa544000 rw-p 00000000 00:00 0 
aa544000-aa5a2000 r-xp 00000000 07:00 527374     /usr/lib/i386-linux-gnu/libgstbase-0.10.so.0.30.0
aa5a2000-aa5a3000 r--p 0005d000 07:00 527374     /usr/lib/i386-linux-gnu/libgstbase-0.10.so.0.30.0
aa5a3000-aa5a4000 rw-p 0005e000 07:00 527374     /usr/lib/i386-linux-gnu/libgstbase-0.10.so.0.30.0
aa5a4000-aa5c0000 r-xp 00000000 07:00 527412     /usr/lib/i386-linux-gnu/libgstvideo-0.10.so.0.25.0
aa5c0000-aa5c1000 r--p 0001b000 07:00 527412     /usr/lib/i386-linux-gnu/libgstvideo-0.10.so.0.25.0
aa5c1000-aa5c2000 rw-p 0001c000 07:00 527412     /usr/lib/i386-linux-gnu/libgstvideo-0.10.so.0.25.0
aa5c2000-aa5e2000 r-xp 00000000 07:00 527411     /usr/lib/i386-linux-gnu/libgstpbutils-0.10.so.0.25.0
aa5e2000-aa5e3000 ---p 00020000 07:00 527411     /usr/lib/i386-linux-gnu/libgstpbutils-0.10.so.0.25.0
aa5e3000-aa5e4000 r--p 00020000 07:00 527411     /usr/lib/i386-linux-gnu/libgstpbutils-0.10.so.0.25.0
aa5e4000-aa5e5000 rw-p 00021000 07:00 527411     /usr/lib/i386-linux-gnu/libgstpbutils-0.10.so.0.25.0
aa5e5000-aa5f4000 r-xp 00000000 07:00 527415     /usr/lib/i386-linux-gnu/libgstinterfaces-0.10.so.0.25.0
aa5f4000-aa5f5000 r--p 0000f000 07:00 527415     /usr/lib/i386-linux-gnu/libgstinterfaces-0.10.so.0.25.0
aa5f5000-aa5f6000 rw-p 00010000 07:00 527415     /usr/lib/i386-linux-gnu/libgstinterfaces-0.10.so.0.25.0
aa5f6000-aa601000 r-xp 00000000 07:00 527406     /usr/lib/i386-linux-gnu/libgstapp-0.10.so.0.25.0
aa601000-aa602000 r--p 0000a000 07:00 527406     /usr/lib/i386-linux-gnu/libgstapp-0.10.so.0.25.0
aa602000-aa603000 rw-p 0000b000 07:00 527406     /usr/lib/i386-linux-gnu/libgstapp-0.10.so.0.25.0
aa603000-aa615000 r-xp 00000000 07:00 152468     /usr/lib/libgeoclue.so.0.0.0
aa615000-aa616000 r--p 00011000 07:00 152468     /usr/lib/libgeoclue.so.0.0.0
aa616000-aa617000 rw-p 00012000 07:00 152468     /usr/lib/libgeoclue.so.0.0.0
aa617000-aa61d000 r-xp 00000000 07:00 541849     /usr/lib/i386-linux-gnu/libgailutil.so.18.0.1
aa61d000-aa61e000 r--p 00005000 07:00 541849     /usr/lib/i386-linux-gnu/libgailutil.so.18.0.1
aa61e000-aa61f000 rw-p 00006000 07:00 541849     /usr/lib/i386-linux-gnu/libgailutil.so.18.0.1
aa61f000-aa629000 r-xp 00000000 07:00 138350     /usr/lib/libenchant.so.1.6.0
aa629000-aa62a000 r--p 00009000 07:00 138350     /usr/lib/libenchant.so.1.6.0
aa62a000-aa62b000 rw-p 0000a000 07:00 138350     /usr/lib/libenchant.so.1.6.0
aa62b000-aa690000 r-xp 00000000 07:00 526600     /usr/lib/i386-linux-gnu/libsoup-2.4.so.1.5.0
aa690000-aa691000 r--p 00064000 07:00 526600     /usr/lib/i386-linux-gnu/libsoup-2.4.so.1.5.0
aa691000-aa692000 rw-p 00065000 07:00 526600     /usr/lib/i386-linux-gnu/libsoup-2.4.so.1.5.0
aa692000-aa693000 rw-p 00000000 00:00 0 
aa693000-aa694000 r--s 0000b000 07:00 178151     /usr/lib/eclipse/plugins/org.eclipse.core.net.linux.x86_1.1.200.dist.jar
aa694000-aa697000 rw-p 00000000 00:00 0 
aa697000-aa6a7000 rw-p 00000000 00:00 0 
aa6a7000-aa6af000 r-xp 00000000 07:00 177498     /usr/lib/jni/libswt-webkit-gtk-3740.so
aa6af000-aa6b0000 r--p 00007000 07:00 177498     /usr/lib/jni/libswt-webkit-gtk-3740.so
aa6b0000-aa6b1000 rw-p 00008000 07:00 177498     /usr/lib/jni/libswt-webkit-gtk-3740.so
aa6b1000-aa6bf000 r--s 00092000 07:00 928469     /home/rahma/.eclipse/org.eclipse.platform_3.7.0_155965261/plugins/org.eclipse.m2e.core.ui_1.0.200.20111228-1245.jar
aa6bf000-aa6c5000 r--s 00044000 07:00 180439     /usr/share/eclipse/plugins/org.eclipse.ui.intro_3.4.100.dist.jar
aa6c5000-aa6c7000 r--s 00013000 07:00 180354     /usr/share/eclipse/plugins/org.eclipse.ui.intro.universal_3.2.500.dist/universal.jar
aa6c7000-aa6cb000 r--s 0001c000 07:00 180435     /usr/share/eclipse/plugins/org.eclipse.ui.externaltools_3.2.0.dist.jar
aa6cb000-aa6cc000 r-xp 00000000 07:00 530243     /usr/lib/i386-linux-gnu/gtk-2.0/2.10.0/immodules/im-cedilla.so
aa6cc000-aa6cd000 r--p 00000000 07:00 530243     /usr/lib/i386-linux-gnu/gtk-2.0/2.10.0/immodules/im-cedilla.so
aa6cd000-aa6ce000 rw-p 00001000 07:00 530243     /usr/lib/i386-linux-gnu/gtk-2.0/2.10.0/immodules/im-cedilla.so
aa6ce000-aa6e1000 r--s 000e4000 07:00 926025     /home/rahma/.eclipse/org.eclipse.platform_3.7.0_155965261/plugins/org.eclipse.wst.sse.ui_1.3.2.v201201041522.jar
aa6e1000-aa6ea000 r--s 00054000 07:00 180425     /usr/share/eclipse/plugins/org.eclipse.team.core_3.6.0.dist.jar
aa6ea000-aa6ed000 r--s 00017000 07:00 180360     /usr/share/eclipse/plugins/org.eclipse.core.filebuffers_3.5.200.dist.jar
aa6ed000-aa6f0000 r--s 00011000 07:00 179900     /usr/lib/eclipse/dropins/jdt/plugins/org.eclipse.jdt.core.manipulation_1.4.0.dist.jar
aa6f0000-aa6f9000 r--s 00066000 07:00 180424     /usr/share/eclipse/plugins/org.eclipse.search_3.7.0.dist.jar
aa6f9000-aa72b000 r--s 00233000 07:00 180372     /usr/share/eclipse/plugins/org.eclipse.debug.ui_3.7.102.dist.jar
aa72b000-aa736000 r--s 0007f000 07:00 180450     /usr/share/eclipse/plugins/org.eclipse.ui.workbench.texteditor_3.7.0.dist.jar
aa736000-aa73b000 r--s 00035000 07:00 180430     /usr/share/eclipse/plugins/org.eclipse.text_3.5.101.dist.jar
aa73b000-aa747000 r--s 0007d000 07:00 180434     /usr/share/eclipse/plugins/org.eclipse.ui.editors_3.7.0.dist.jar
aa747000-aa75a000 r--s 000d6000 07:00 180419     /usr/share/eclipse/plugins/org.eclipse.jface.text_3.7.2.dist.jar
aa75a000-aa75d000 ---p 00000000 00:00 0 
aa75d000-aa7ab000 rw-p 00000000 00:00 0 
aa7ab000-aa7ae000 r--s 00022000 07:00 179898     /usr/lib/eclipse/dropins/jdt/plugins/org.eclipse.jdt.compiler.apt_1.0.400.dist.jar
aa7ae000-aa7d7000 r--s 00440000 07:00 178148     /usr/lib/eclipse/plugins/org.eclipse.jdt.core_3.7.3.dist.jar
aa7d7000-aa86c000 r--s 008ff000 07:00 179915     /usr/lib/eclipse/dropins/jdt/plugins/org.eclipse.jdt.ui_3.7.2.dist.jar
aa86c000-aa875000 r--s 00056000 07:00 178150     /usr/lib/eclipse/plugins/org.eclipse.ui.navigator_3.5.101.dist.jar
aa875000-aa878000 r--s 00012000 07:00 180444     /usr/share/eclipse/plugins/org.eclipse.ui.views_3.6.0.dist.jar
aa878000-aa87c000 r--s 00018000 07:00 180440     /usr/share/eclipse/plugins/org.eclipse.ui.navigator.resources_3.4.300.dist.jar
aa87c000-aa888000 r-xp 00000000 07:00 177494     /usr/lib/jni/libswt-cairo-gtk-3740.so
aa888000-aa889000 r--p 0000c000 07:00 177494     /usr/lib/jni/libswt-cairo-gtk-3740.so
aa889000-aa88a000 rw-p 0000d000 07:00 177494     /usr/lib/jni/libswt-cairo-gtk-3740.so
aa88a000-aa88d000 rw-s 00000000 00:04 229379     /SYSV00000000 (deleted)
aa88d000-aa89f000 r--s 000db000 07:00 926024     /home/rahma/.eclipse/org.eclipse.platform_3.7.0_155965261/plugins/org.eclipse.wst.xml.ui_1.1.202.v201112071516.jar
aa89f000-aa8e9000 r--s 003aa000 07:00 179998     /usr/lib/eclipse/dropins/sdk/plugins/org.eclipse.pde.ui_3.6.100.dist.jar
aa8e9000-aa8eb000 r--s 00008000 07:00 179916     /usr/lib/eclipse/dropins/jdt/plugins/org.eclipse.jdt_3.7.2.dist.jar
aa8eb000-aa8f3000 r--s 00066000 07:00 928470     /home/rahma/.eclipse/org.eclipse.platform_3.7.0_155965261/plugins/org.eclipse.m2e.core_1.0.200.20111228-1245.jar
aa8f3000-aa8f5000 r--s 00003000 07:00 927519     /home/rahma/.eclipse/org.eclipse.platform_3.7.0_155965261/plugins/org.sonatype.m2e.mavenarchiver_0.15.0.201207090125.jar
aa8f5000-aa8f6000 r--s 00002000 07:00 180370     /usr/share/eclipse/plugins/org.eclipse.cvs_1.1.100.dist.jar
aa8f6000-aa8f7000 r--s 00002000 07:00 176325     /usr/lib/eclipse/plugins/org.eclipse.rcp_3.7.2.dist.jar
aa8f7000-aa8fe000 r--s 0005b000 07:00 178147     /usr/lib/eclipse/plugins/org.eclipse.help.base_3.6.2.dist.jar
aa8fe000-aa900000 r--s 0000e000 07:00 179999     /usr/lib/eclipse/dropins/sdk/plugins/org.eclipse.pde_3.7.2.dist.jar
aa900000-aa9e4000 rw-p 00000000 00:00 0 
aa9e4000-aaa00000 ---p 00000000 00:00 0 
aaa00000-aaa02000 r--s 00016000 07:00 176328     /usr/lib/eclipse/plugins/org.eclipse.update.configurator_3.3.100.dist.jar
aaa02000-aaa07000 r--s 00038000 07:00 180418     /usr/share/eclipse/plugins/org.eclipse.help_3.5.100.dist.jar
aaa07000-aaa0b000 r--s 00021000 07:00 179989     /usr/lib/eclipse/dropins/sdk/plugins/org.eclipse.pde.runtime_3.4.201.dist.jar
aaa0b000-aaa13000 r--s 00046000 07:00 180432     /usr/share/eclipse/plugins/org.eclipse.ui.cheatsheets_3.4.100.dist.jar
aaa13000-aaa18000 r--s 00027000 07:00 180431     /usr/share/eclipse/plugins/org.eclipse.ui.browser_3.3.101.dist.jar
aaa18000-aaa23000 r--s 0006e000 07:00 180416     /usr/share/eclipse/plugins/org.eclipse.help.ui_3.5.101.dist.jar
aaa23000-aaa25000 r--s 00012000 07:00 176301     /usr/lib/eclipse/plugins/org.eclipse.core.expressions_3.4.300.dist.jar
aaa25000-aaa28000 ---p 00000000 00:00 0 
aaa28000-aaa76000 rw-p 00000000 00:00 0 
aaa76000-aaa78000 r--s 00002000 07:00 928477     /home/rahma/.eclipse/org.eclipse.platform_3.7.0_155965261/plugins/org.eclipse.m2e.logback.appender_1.0.200.20111228-1245.jar
aaa78000-aaa80000 r--s 0003d000 07:00 176298     /usr/lib/eclipse/plugins/org.eclipse.core.databinding.observable_1.4.0.dist.jar
aaa80000-aaa89000 r--s 00037000 07:00 176318     /usr/lib/eclipse/plugins/org.eclipse.jface.databinding_1.5.0.dist.jar
aaa89000-aaa8c000 ---p 00000000 00:00 0 
aaa8c000-aaada000 rw-p 00000000 00:00 0 
aaada000-aaadb000 ---p 00000000 00:00 0 
aaadb000-ab2db000 rw-p 00000000 00:00 0 
ab2db000-ab2dc000 ---p 00000000 00:00 0 
ab2dc000-abadc000 rw-p 00000000 00:00 0 
abadc000-abc23000 r-xp 00000000 07:00 545197     /usr/lib/i386-linux-gnu/libxml2.so.2.7.8
abc23000-abc27000 r--p 00147000 07:00 545197     /usr/lib/i386-linux-gnu/libxml2.so.2.7.8
abc27000-abc28000 rw-p 0014b000 07:00 545197     /usr/lib/i386-linux-gnu/libxml2.so.2.7.8
abc28000-abc29000 rw-p 00000000 00:00 0 
abc29000-abc61000 r-xp 00000000 07:00 547324     /usr/lib/i386-linux-gnu/libcroco-0.6.so.3.0.1
abc61000-abc62000 ---p 00038000 07:00 547324     /usr/lib/i386-linux-gnu/libcroco-0.6.so.3.0.1
abc62000-abc64000 r--p 00038000 07:00 547324     /usr/lib/i386-linux-gnu/libcroco-0.6.so.3.0.1
abc64000-abc65000 rw-p 0003a000 07:00 547324     /usr/lib/i386-linux-gnu/libcroco-0.6.so.3.0.1
abc65000-abc9c000 r-xp 00000000 07:00 530281     /usr/lib/i386-linux-gnu/librsvg-2.so.2.36.1
abc9c000-abc9d000 r--p 00036000 07:00 530281     /usr/lib/i386-linux-gnu/librsvg-2.so.2.36.1
abc9d000-abc9e000 rw-p 00037000 07:00 530281     /usr/lib/i386-linux-gnu/librsvg-2.so.2.36.1
abc9e000-abc9f000 rw-p 00000000 00:00 0 
abc9f000-abca4000 r--s 00039000 07:00 925925     /home/rahma/.eclipse/org.eclipse.platform_3.7.0_155965261/plugins/ch.qos.logback.classic_0.9.27.v20110224-1110.jar
abca4000-abcaf000 r--s 000b8000 07:00 178132     /usr/lib/eclipse/plugins/org.eclipse.core.resources_3.7.101.dist.jar
abcaf000-abcb2000 r--p 00000000 07:00 287346     /usr/share/locale-langpack/fr/LC_MESSAGES/atk10.mo
abcb2000-abcb3000 r-xp 00000000 07:00 541857     /usr/lib/i386-linux-gnu/gdk-pixbuf-2.0/2.10.0/loaders/libpixbufloader-svg.so
abcb3000-abcb4000 r--p 00000000 07:00 541857     /usr/lib/i386-linux-gnu/gdk-pixbuf-2.0/2.10.0/loaders/libpixbufloader-svg.so
abcb4000-abcb5000 rw-p 00001000 07:00 541857     /usr/lib/i386-linux-gnu/gdk-pixbuf-2.0/2.10.0/loaders/libpixbufloader-svg.so
abcb5000-acd4f000 r--p 00000000 07:00 303845     /usr/share/icons/hicolor/icon-theme.cache
acd4f000-b0fb4000 r--p 00000000 07:00 293378     /usr/share/icons/gnome/icon-theme.cache
b0fb4000-b109d000 r--p 00000000 07:00 264532     /usr/share/icons/Humanity/icon-theme.cache
b109d000-b10a8000 r--p 00000000 07:00 264533     /usr/share/icons/Humanity-Dark/icon-theme.cache
b10a8000-b10cb000 r--p 00000000 07:00 262585     /usr/share/icons/ubuntu-mono-dark/icon-theme.cache
b10cb000-b10d9000 r-xp 00000000 07:00 528136     /lib/i386-linux-gnu/libudev.so.0.13.0
b10d9000-b10da000 r--p 0000e000 07:00 528136     /lib/i386-linux-gnu/libudev.so.0.13.0
b10da000-b10db000 rw-p 0000f000 07:00 528136     /lib/i386-linux-gnu/libudev.so.0.13.0
b10db000-b1122000 r-xp 00000000 07:00 545558     /lib/i386-linux-gnu/libdbus-1.so.3.5.8
b1122000-b1123000 r--p 00047000 07:00 545558     /lib/i386-linux-gnu/libdbus-1.so.3.5.8
b1123000-b1124000 rw-p 00048000 07:00 545558     /lib/i386-linux-gnu/libdbus-1.so.3.5.8
b1124000-b1126000 r--s 00007000 07:00 926027     /home/rahma/.eclipse/org.eclipse.platform_3.7.0_155965261/plugins/org.slf4j.api_1.6.1.v20100831-0715.jar
b1126000-b1136000 r-xp 00000000 07:00 526315     /usr/lib/i386-linux-gnu/gio/modules/libgioremote-volume-monitor.so
b1136000-b1137000 r--p 0000f000 07:00 526315     /usr/lib/i386-linux-gnu/gio/modules/libgioremote-volume-monitor.so
b1137000-b1138000 rw-p 00010000 07:00 526315     /usr/lib/i386-linux-gnu/gio/modules/libgioremote-volume-monitor.so
b1138000-b114d000 r-xp 00000000 07:00 526392     /usr/lib/i386-linux-gnu/gvfs/libgvfscommon.so
b114d000-b114e000 r--p 00014000 07:00 526392     /usr/lib/i386-linux-gnu/gvfs/libgvfscommon.so
b114e000-b114f000 rw-p 00015000 07:00 526392     /usr/lib/i386-linux-gnu/gvfs/libgvfscommon.so
b114f000-b1178000 r-xp 00000000 07:00 526316     /usr/lib/i386-linux-gnu/gio/modules/libgvfsdbus.so
b1178000-b1179000 r--p 00028000 07:00 526316     /usr/lib/i386-linux-gnu/gio/modules/libgvfsdbus.so
b1179000-b117a000 rw-p 00029000 07:00 526316     /usr/lib/i386-linux-gnu/gio/modules/libgvfsdbus.so
b117a000-b121f000 r--p 00000000 07:00 262288     /usr/share/fonts/truetype/ttf-dejavu/DejaVuSans-Bold.ttf
b121f000-b122b000 r-xp 00000000 07:00 177477     /usr/lib/jni/libswt-atk-gtk-3740.so
b122b000-b122c000 r--p 0000b000 07:00 177477     /usr/lib/jni/libswt-atk-gtk-3740.so
b122c000-b122d000 rw-p 0000c000 07:00 177477     /usr/lib/jni/libswt-atk-gtk-3740.so
b122d000-b122e000 r--s 0000c000 07:00 179899     /usr/lib/eclipse/dropins/jdt/plugins/org.eclipse.jdt.compiler.tool_1.0.100.dist.jar
b122e000-b1230000 r--s 00013000 07:00 176296     /usr/lib/eclipse/plugins/org.eclipse.core.contenttype_3.4.100.dist.jar
b1230000-b1257000 r--s 00208000 07:00 180438     /usr/share/eclipse/plugins/org.eclipse.ui.ide_3.7.0.dist.jar
b1257000-b125b000 r-xp 00000000 07:00 530315     /usr/lib/i386-linux-gnu/gdk-pixbuf-2.0/2.10.0/loaders/libpixbufloader-png.so
b125b000-b125c000 r--p 00003000 07:00 530315     /usr/lib/i386-linux-gnu/gdk-pixbuf-2.0/2.10.0/loaders/libpixbufloader-png.so
b125c000-b125d000 rw-p 00004000 07:00 530315     /usr/lib/i386-linux-gnu/gdk-pixbuf-2.0/2.10.0/loaders/libpixbufloader-png.so
b125d000-b1262000 r-xp 00000000 07:00 530309     /usr/lib/i386-linux-gnu/gdk-pixbuf-2.0/2.10.0/loaders/libpixbufloader-gif.so
b1262000-b1263000 r--p 00005000 07:00 530309     /usr/lib/i386-linux-gnu/gdk-pixbuf-2.0/2.10.0/loaders/libpixbufloader-gif.so
b1263000-b1264000 rw-p 00006000 07:00 530309     /usr/lib/i386-linux-gnu/gdk-pixbuf-2.0/2.10.0/loaders/libpixbufloader-gif.so
b1264000-b1265000 r--s 00002000 07:00 925927     /home/rahma/.eclipse/org.eclipse.platform_3.7.0_155965261/plugins/ch.qos.logback.slf4j_0.9.27.v20110224-1110.jar
b1265000-b12b7000 r--p 00000000 07:00 264607     /usr/share/fonts/truetype/ttf-dejavu/DejaVuSansMono.ttf
b12b7000-b130e000 r--p 00000000 07:00 690434     /usr/share/fonts/truetype/ubuntu-font-family/Ubuntu-R.ttf
b130e000-b1310000 r-xp 00000000 07:00 530467     /usr/lib/i386-linux-gnu/pango/1.6.0/modules/pango-basic-fc.so
b1310000-b1311000 r--p 00001000 07:00 530467     /usr/lib/i386-linux-gnu/pango/1.6.0/modules/pango-basic-fc.so
b1311000-b1312000 rw-p 00002000 07:00 530467     /usr/lib/i386-linux-gnu/pango/1.6.0/modules/pango-basic-fc.so
b1312000-b1313000 r--s 00000000 07:00 300393     /var/cache/fontconfig/c05880de57d1f5e948fdfacc138775d9-le32d4.cache-3
b1313000-b1319000 r--s 00000000 07:00 300392     /var/cache/fontconfig/945677eb7aeaf62f1d50efc3fb3ec7d8-le32d4.cache-3
b1319000-b131b000 r--s 00000000 07:00 300390     /var/cache/fontconfig/99e8ed0e538f840c565b6ed5dad60d56-le32d4.cache-3
b131b000-b1321000 r--s 00000000 07:00 300389     /var/cache/fontconfig/a6d8cf8e4ec09cdbc8633c31745a07dd-le32d4.cache-3
b1321000-b1324000 r--s 00000000 07:00 300388     /var/cache/fontconfig/2cd17615ca594fa2959ae173292e504c-le32d4.cache-3
b1324000-b1325000 r--s 00000000 07:00 300387     /var/cache/fontconfig/e7071f4a29fa870f4323321c154eba04-le32d4.cache-3
b1325000-b1326000 r--s 00000000 07:00 300386     /var/cache/fontconfig/0d8c3b2ac0904cb8a57a757ad11a4a08-le32d4.cache-3
b1326000-b132a000 r--s 00000000 07:00 300385     /var/cache/fontconfig/a755afe4a08bf5b97852ceb7400b47bc-le32d4.cache-3
b132a000-b1331000 r--s 00000000 07:00 300384     /var/cache/fontconfig/6d41288fd70b0be22e8c3a91e032eec0-le32d4.cache-3
b1331000-b133c000 r--s 00000000 07:00 300383     /var/cache/fontconfig/04aabc0a78ac019cf9454389977116d2-le32d4.cache-3
b133c000-b133f000 r--s 00000000 07:00 300372     /var/cache/fontconfig/385c0604a188198f04d133e54aba7fe7-le32d4.cache-3
b133f000-b1342000 r--s 00000000 07:00 300366     /var/cache/fontconfig/8801497958630a81b71ace7c5f9b32a8-le32d4.cache-3
b1342000-b13b9000 r-xp 00000000 07:00 177480     /usr/lib/jni/libswt-pi-gtk-3740.so
b13b9000-b13ba000 r--p 00077000 07:00 177480     /usr/lib/jni/libswt-pi-gtk-3740.so
b13ba000-b13bc000 rw-p 00078000 07:00 177480     /usr/lib/jni/libswt-pi-gtk-3740.so
b13bc000-b13bd000 rw-p 00000000 00:00 0 
b13bd000-b13c1000 r-xp 00000000 07:00 177479     /usr/lib/jni/libswt-gtk-3740.so
b13c1000-b13c2000 r--p 00003000 07:00 177479     /usr/lib/jni/libswt-gtk-3740.so
b13c2000-b13c3000 rw-p 00004000 07:00 177479     /usr/lib/jni/libswt-gtk-3740.so
b13c3000-b13c4000 rw-p 00000000 00:00 0 
b13c4000-b1400000 r--s 005fe000 07:00 177468     /usr/share/java/com.ibm.icu-4.4.jar
b1400000-b1429000 rw-p 00000000 00:00 0 
b1429000-b1500000 ---p 00000000 00:00 0 
b1500000-b1504000 r--s 00000000 07:00 300354     /var/cache/fontconfig/3047814df9a2f067bd2d96a2b9c36e5a-le32d4.cache-3
b1504000-b1505000 r--s 00000000 07:00 300350     /var/cache/fontconfig/56cf4f4769d0f4abc89a4895d7bd3ae1-le32d4.cache-3
b1505000-b1506000 r--s 00000000 07:00 300333     /var/cache/fontconfig/b9d506c9ac06c20b433354fa67a72993-le32d4.cache-3
b1506000-b150a000 r--s 00000000 07:00 300332     /var/cache/fontconfig/b47c4e1ecd0709278f4910c18777a504-le32d4.cache-3
b150a000-b1517000 r--s 00000000 07:00 266202     /var/cache/fontconfig/d52a8644073d54c13679302ca1180695-le32d4.cache-3
b1517000-b155e000 r--s 0039a000 07:00 176326     /usr/lib/eclipse/plugins/org.eclipse.ui.workbench_3.7.1.dist.jar
b155e000-b1561000 ---p 00000000 00:00 0 
b1561000-b15af000 rw-p 00000000 00:00 0 
b15af000-b15b2000 ---p 00000000 00:00 0 
b15b2000-b1600000 rw-p 00000000 00:00 0 
b1600000-b16f8000 rw-p 00000000 00:00 0 
b16f8000-b1700000 ---p 00000000 00:00 0 
b1700000-b1701000 r--s 00000000 07:00 300370     /var/cache/fontconfig/4794a0821666d79190d59a36cb4f44b5-le32d4.cache-3
b1701000-b1703000 r--s 00000000 07:00 263425     /var/cache/fontconfig/e13b20fdb08344e0e664864cc2ede53d-le32d4.cache-3
b1703000-b1706000 r--s 00000000 07:00 263015     /var/cache/fontconfig/7ef2298fde41cc6eeb7af42e48b7d293-le32d4.cache-3
b1706000-b171a000 r--s 0018b000 07:00 177488     /usr/lib/java/swt-gtk-3.7.2.jar
b171a000-b171d000 ---p 00000000 00:00 0 
b171d000-b176b000 rw-p 00000000 00:00 0 
b176b000-b176e000 ---p 00000000 00:00 0 
b176e000-b17bc000 rw-p 00000000 00:00 0 
b17bc000-b17bf000 ---p 00000000 00:00 0 
b17bf000-b180d000 rw-p 00000000 00:00 0 
b180d000-b1810000 ---p 00000000 00:00 0 
b1810000-b185e000 rw-p 00000000 00:00 0 
b185e000-b1861000 ---p 00000000 00:00 0 
b1861000-b18af000 rw-p 00000000 00:00 0 
b18af000-b18b2000 ---p 00000000 00:00 0 
b18b2000-b1900000 rw-p 00000000 00:00 0 
b1900000-b19fd000 rw-p 00000000 00:00 0 
b19fd000-b1a00000 ---p 00000000 00:00 0 
b1a00000-b1a04000 rwxp 00000000 00:00 0 
b1a04000-b1a09000 r-xp 00000000 07:00 545932     /usr/lib/i386-linux-gnu/libXtst.so.6.1.0
b1a09000-b1a0a000 r--p 00004000 07:00 545932     /usr/lib/i386-linux-gnu/libXtst.so.6.1.0
b1a0a000-b1a0b000 rw-p 00005000 07:00 545932     /usr/lib/i386-linux-gnu/libXtst.so.6.1.0
b1a0b000-b1a0f000 r--s 00015000 07:00 176295     /usr/lib/eclipse/plugins/org.eclipse.core.commands_3.6.0.dist.jar
b1a0f000-b1a13000 r--s 0001e000 07:00 176327     /usr/lib/eclipse/plugins/org.eclipse.ui_3.7.0.dist.jar
b1a13000-b1a27000 r--s 000eb000 07:00 176323     /usr/lib/eclipse/plugins/org.eclipse.jface_3.7.0.dist.jar
b1a27000-b1a2e000 r--s 0004a000 07:00 925926     /home/rahma/.eclipse/org.eclipse.platform_3.7.0_155965261/plugins/ch.qos.logback.core_0.9.27.v20110224-1110.jar
b1a2e000-b1a2f000 ---p 00000000 00:00 0 
b1a2f000-b1aaf000 rw-p 00000000 00:00 0 
b1aaf000-b1ab2000 ---p 00000000 00:00 0 
b1ab2000-b1b00000 rw-p 00000000 00:00 0 
b1b00000-b1b21000 rw-p 00000000 00:00 0 
b1b21000-b1c00000 ---p 00000000 00:00 0 
b1c00000-b1c01000 r-xp 00000000 07:00 526323     /usr/lib/i386-linux-gnu/libgthread-2.0.so.0.3200.3
b1c01000-b1c02000 r--p 00000000 07:00 526323     /usr/lib/i386-linux-gnu/libgthread-2.0.so.0.3200.3
b1c02000-b1c03000 rw-p 00001000 07:00 526323     /usr/lib/i386-linux-gnu/libgthread-2.0.so.0.3200.3
b1c03000-b1c04000 r--s 00000000 07:00 180446     /usr/share/eclipse/plugins/org.eclipse.ui.workbench.compatibility_3.2.100.dist/compatibility.jar
b1c04000-b1c06000 r--s 0000d000 07:00 180437     /usr/share/eclipse/plugins/org.eclipse.ui.ide.application_1.0.300.dist.jar
b1c06000-b1c07000 r--s 00003000 07:00 928503     /home/rahma/.eclipse/org.eclipse.platform_3.7.0_155965261/plugins/org.eclipse.m2e.logback.configuration_1.0.200.20111228-1245.jar
b1c07000-b1c08000 r--s 00006000 07:00 180394     /usr/share/eclipse/plugins/org.eclipse.equinox.p2.directorywatcher_1.0.300.dist.jar
b1c08000-b1c0a000 r--s 0000e000 07:00 180392     /usr/share/eclipse/plugins/org.eclipse.equinox.p2.core_2.1.1.dist.jar
b1c0a000-b1c0b000 r--s 0000a000 07:00 180401     /usr/share/eclipse/plugins/org.eclipse.equinox.p2.reconciler.dropins_1.1.100.dist.jar
b1c0b000-b1c0e000 r--s 00013000 07:00 180368     /usr/share/eclipse/plugins/org.eclipse.core.runtime.compatibility_3.2.100.dist.jar
b1c0e000-b1c10000 r--s 00012000 07:00 176305     /usr/lib/eclipse/plugins/org.eclipse.equinox.app_1.3.100.dist.jar
b1c10000-b1c12000 r--s 00013000 07:00 176302     /usr/lib/eclipse/plugins/org.eclipse.core.jobs_3.5.101.dist.jar
b1c12000-b1c15000 r--s 00018000 07:00 176314     /usr/lib/eclipse/plugins/org.eclipse.equinox.preferences_3.4.2.dist.jar
b1c15000-b1c16000 r--s 00001000 07:00 180367     /usr/share/eclipse/plugins/org.eclipse.core.runtime.compatibility.registry_3.5.0.dist/runtime_registry_compatibility.jar
b1c16000-b1c19000 r--s 00028000 07:00 176315     /usr/lib/eclipse/plugins/org.eclipse.equinox.registry_3.5.101.dist.jar
b1c19000-b1c1b000 r--s 0000f000 07:00 176304     /usr/lib/eclipse/plugins/org.eclipse.core.runtime_3.7.0.dist.jar
b1c1b000-b1c2c000 r-xp 00000000 07:00 786581     /usr/lib/jvm/java-7-openjdk-i386/jre/lib/i386/libnio.so
b1c2c000-b1c2d000 r--p 00010000 07:00 786581     /usr/lib/jvm/java-7-openjdk-i386/jre/lib/i386/libnio.so
b1c2d000-b1c2e000 rw-p 00011000 07:00 786581     /usr/lib/jvm/java-7-openjdk-i386/jre/lib/i386/libnio.so
b1c2e000-b1c31000 ---p 00000000 00:00 0 
b1c31000-b1caf000 rw-p 00000000 00:00 0 
b1caf000-b1cb2000 ---p 00000000 00:00 0 
b1cb2000-b1d00000 rw-p 00000000 00:00 0 
b1d00000-b1dff000 rw-p 00000000 00:00 0 
b1dff000-b1e00000 ---p 00000000 00:00 0 
b1e00000-b1e21000 rw-p 00000000 00:00 0 
b1e21000-b1f00000 ---p 00000000 00:00 0 
b1f00000-b1f53000 rw-p 00000000 00:00 0 
b1f53000-b2000000 ---p 00000000 00:00 0 
b2000000-b2004000 r--s 0000d000 07:00 176239     /usr/lib/eclipse/plugins/org.eclipse.osgi.services_3.3.0.dist.jar
b2004000-b2007000 r--s 0000f000 07:00 176317     /usr/lib/eclipse/plugins/org.eclipse.equinox.util_1.0.300.dist.jar
b2007000-b200a000 r--s 0002b000 07:00 176307     /usr/lib/eclipse/plugins/org.eclipse.equinox.ds_1.3.1.dist.jar
b200a000-b200d000 r--s 00016000 07:00 176306     /usr/lib/eclipse/plugins/org.eclipse.equinox.common_3.6.0.dist.jar
b200d000-b200f000 r--s 00008000 07:00 176316     /usr/lib/eclipse/plugins/org.eclipse.equinox.simpleconfigurator_1.0.200.dist.jar
b200f000-b2025000 r-xp 00000000 07:00 786611     /usr/lib/jvm/java-7-openjdk-i386/jre/lib/i386/libnet.so
b2025000-b2026000 r--p 00015000 07:00 786611     /usr/lib/jvm/java-7-openjdk-i386/jre/lib/i386/libnet.so
b2026000-b2027000 rw-p 00016000 07:00 786611     /usr/lib/jvm/java-7-openjdk-i386/jre/lib/i386/libnet.so
b2027000-b2030000 r--s 000bc000 07:00 786553     /usr/lib/jvm/java-7-openjdk-common/jre/lib/resources.jar
b2030000-b2044000 r--s 00136000 07:00 176241     /usr/lib/eclipse/plugins/org.eclipse.osgi_3.7.2.dist.jar
b2044000-b2049000 r--s 0004c000 07:00 786519     /usr/lib/jvm/java-7-openjdk-common/jre/lib/jsse.jar
b2049000-b204c000 r--s 0000f000 07:00 786550     /usr/lib/jvm/java-7-openjdk-common/jre/lib/ext/pulse-java.jar
b204c000-b2050000 r--s 00085000 07:00 786546     /usr/lib/jvm/java-7-openjdk-common/jre/lib/ext/localedata.jar
b2050000-b2053000 ---p 00000000 00:00 0 
b2053000-b20a1000 rw-p 00000000 00:00 0 
b20a1000-b20a4000 ---p 00000000 00:00 0 
b20a4000-b20f2000 rw-p 00000000 00:00 0 
b20f2000-b20f3000 ---p 00000000 00:00 0 
b20f3000-b21bb000 rw-p 00000000 00:00 0 
b21bb000-b2367000 r--s 01cdd000 07:00 786620     /usr/lib/jvm/java-7-openjdk-i386/jre/lib/rt.jar
b2367000-b2379000 rw-p 00000000 00:00 0 
b2379000-b23ef000 rw-p 00000000 00:00 0 
b23ef000-b23fe000 rw-p 00000000 00:00 0 
b23fe000-b2470000 rw-p 00000000 00:00 0 
b2470000-b2478000 rw-p 00000000 00:00 0 
b2478000-b24b0000 rw-p 00000000 00:00 0 
b24b0000-b24bf000 rw-p 00000000 00:00 0 
b24bf000-b2530000 rw-p 00000000 00:00 0 
b2530000-b253b000 rw-p 00000000 00:00 0 
b253b000-b25b0000 rw-p 00000000 00:00 0 
b25b0000-b25c7000 rw-p 00000000 00:00 0 
b25c7000-b263c000 rw-p 00000000 00:00 0 
b263c000-b28ec000 rwxp 00000000 00:00 0 
b28ec000-b463c000 rw-p 00000000 00:00 0 
b463c000-b4663000 r-xp 00000000 07:00 786577     /usr/lib/jvm/java-7-openjdk-i386/jre/lib/i386/libjava.so
b4663000-b4664000 r--p 00026000 07:00 786577     /usr/lib/jvm/java-7-openjdk-i386/jre/lib/i386/libjava.so
b4664000-b4665000 rw-p 00027000 07:00 786577     /usr/lib/jvm/java-7-openjdk-i386/jre/lib/i386/libjava.so
b4665000-b473d000 r-xp 00000000 07:00 526758     /usr/lib/i386-linux-gnu/libstdc++.so.6.0.16
b473d000-b473e000 ---p 000d8000 07:00 526758     /usr/lib/i386-linux-gnu/libstdc++.so.6.0.16
b473e000-b4742000 r--p 000d8000 07:00 526758     /usr/lib/i386-linux-gnu/libstdc++.so.6.0.16
b4742000-b4743000 rw-p 000dc000 07:00 526758     /usr/lib/i386-linux-gnu/libstdc++.so.6.0.16
b4743000-b474a000 rw-p 00000000 00:00 0 
b474a000-b4cfe000 r-xp 00000000 07:00 786593     /usr/lib/jvm/java-7-openjdk-i386/jre/lib/i386/client/libjvm.so
b4cfe000-b4d15000 r--p 005b3000 07:00 786593     /usr/lib/jvm/java-7-openjdk-i386/jre/lib/i386/client/libjvm.so
b4d15000-b4d24000 rw-p 005ca000 07:00 786593     /usr/lib/jvm/java-7-openjdk-i386/jre/lib/i386/client/libjvm.so
b4d24000-b513d000 rw-p 00000000 00:00 0 
b513d000-b519d000 rw-s 00000000 00:04 163841     /SYSV00000000 (deleted)
b519d000-b5200000 rw-p 00000000 00:00 0 
b5200000-b5230000 rw-p 00000000 00:00 0 
b5230000-b5300000 ---p 00000000 00:00 0 
b5300000-b5301000 r--s 00004000 07:00 176303     /usr/lib/eclipse/plugins/org.eclipse.core.runtime.compatibility.auth_3.2.200.dist.jar
b5301000-b5304000 r--s 0003c000 07:00 786545     /usr/lib/jvm/java-7-openjdk-common/jre/lib/ext/sunpkcs11.jar
b5304000-b530a000 rw-p 00000000 00:00 0 
b530a000-b5326000 r-xp 00000000 07:00 526712     /lib/i386-linux-gnu/libgcc_s.so.1
b5326000-b5327000 r--p 0001b000 07:00 526712     /lib/i386-linux-gnu/libgcc_s.so.1
b5327000-b5328000 rw-p 0001c000 07:00 526712     /lib/i386-linux-gnu/libgcc_s.so.1
b5328000-b5329000 r--s 00006000 07:00 180382     /usr/share/eclipse/plugins/org.eclipse.equinox.event_1.2.100.dist.jar
b5329000-b532a000 r--s 0000a000 07:00 176312     /usr/lib/eclipse/plugins/org.eclipse.equinox.launcher_1.2.0.dist.jar
b532a000-b5332000 r-xp 00000000 07:00 786582     /usr/lib/jvm/java-7-openjdk-i386/jre/lib/i386/libzip.so
b5332000-b5333000 r--p 00007000 07:00 786582     /usr/lib/jvm/java-7-openjdk-i386/jre/lib/i386/libzip.so
b5333000-b5334000 rw-p 00008000 07:00 786582     /usr/lib/jvm/java-7-openjdk-i386/jre/lib/i386/libzip.so
b5334000-b533c000 rw-s 00000000 07:00 929321     /tmp/hsperfdata_rahma/7740
b533c000-b533f000 r-xp 00000000 07:00 530308     /usr/lib/i386-linux-gnu/gdk-pixbuf-2.0/2.10.0/loaders/libpixbufloader-bmp.so
b533f000-b5340000 r--p 00002000 07:00 530308     /usr/lib/i386-linux-gnu/gdk-pixbuf-2.0/2.10.0/loaders/libpixbufloader-bmp.so
b5340000-b5341000 rw-p 00003000 07:00 530308     /usr/lib/i386-linux-gnu/gdk-pixbuf-2.0/2.10.0/loaders/libpixbufloader-bmp.so
b5341000-b535d000 r--s 00000000 07:00 135529     /usr/share/mime/mime.cache
b535d000-b5392000 r-xp 00000000 07:00 559356     /usr/lib/i386-linux-gnu/gtk-2.0/2.10.0/engines/libmurrine.so
b5392000-b5393000 r--p 00034000 07:00 559356     /usr/lib/i386-linux-gnu/gtk-2.0/2.10.0/engines/libmurrine.so
b5393000-b5394000 rw-p 00035000 07:00 559356     /usr/lib/i386-linux-gnu/gtk-2.0/2.10.0/engines/libmurrine.so
b5394000-b5395000 ---p 00000000 00:00 0 
b5395000-b5b95000 rw-p 00000000 00:00 0 
b5b95000-b5b9b000 r-xp 00000000 07:00 545693     /usr/lib/i386-linux-gnu/libogg.so.0.7.1
b5b9b000-b5b9c000 r--p 00005000 07:00 545693     /usr/lib/i386-linux-gnu/libogg.so.0.7.1
b5b9c000-b5b9d000 rw-p 00006000 07:00 545693     /usr/lib/i386-linux-gnu/libogg.so.0.7.1
b5b9d000-b5bc6000 r-xp 00000000 07:00 545706     /usr/lib/i386-linux-gnu/libvorbis.so.0.4.5
b5bc6000-b5bc7000 r--p 00028000 07:00 545706     /usr/lib/i386-linux-gnu/libvorbis.so.0.4.5
b5bc7000-b5bc8000 rw-p 00029000 07:00 545706     /usr/lib/i386-linux-gnu/libvorbis.so.0.4.5
b5bc8000-b5bd0000 r-xp 00000000 07:00 528340     /usr/lib/i386-linux-gnu/libltdl.so.7.3.0
b5bd0000-b5bd1000 r--p 00008000 07:00 528340     /usr/lib/i386-linux-gnu/libltdl.so.7.3.0
b5bd1000-b5bd2000 rw-p 00009000 07:00 528340     /usr/lib/i386-linux-gnu/libltdl.so.7.3.0
b5bd2000-b5be3000 r-xp 00000000 07:00 526115     /usr/lib/i386-linux-gnu/libtdb.so.1.2.9
b5be3000-b5be4000 r--p 00010000 07:00 526115     /usr/lib/i386-linux-gnu/libtdb.so.1.2.9
b5be4000-b5be5000 rw-p 00011000 07:00 526115     /usr/lib/i386-linux-gnu/libtdb.so.1.2.9
b5be5000-b5bed000 r-xp 00000000 07:00 547279     /usr/lib/i386-linux-gnu/libvorbisfile.so.3.3.4
b5bed000-b5bee000 r--p 00007000 07:00 547279     /usr/lib/i386-linux-gnu/libvorbisfile.so.3.3.4
b5bee000-b5bef000 rw-p 00008000 07:00 547279     /usr/lib/i386-linux-gnu/libvorbisfile.so.3.3.4
b5bef000-b5bfe000 r-xp 00000000 07:00 547286     /usr/lib/i386-linux-gnu/libcanberra.so.0.2.5
b5bfe000-b5bff000 r--p 0000e000 07:00 547286     /usr/lib/i386-linux-gnu/libcanberra.so.0.2.5
b5bff000-b5c00000 rw-p 0000f000 07:00 547286     /usr/lib/i386-linux-gnu/libcanberra.so.0.2.5
b5c00000-b5cb3000 rw-p 00000000 00:00 0 
b5cb3000-b5d00000 ---p 00000000 00:00 0 
b5d00000-b5d02000 r--s 00012000 07:00 786549     /usr/lib/jvm/java-7-openjdk-common/jre/lib/ext/zipfs.jar
b5d02000-b5d06000 r-xp 00000000 07:00 557328     /usr/lib/i386-linux-gnu/libcanberra-gtk.so.0.1.8
b5d06000-b5d07000 r--p 00003000 07:00 557328     /usr/lib/i386-linux-gnu/libcanberra-gtk.so.0.1.8
b5d07000-b5d08000 rw-p 00004000 07:00 557328     /usr/lib/i386-linux-gnu/libcanberra-gtk.so.0.1.8
b5d08000-b5d14000 r-xp 00000000 07:00 786602     /usr/lib/jvm/java-7-openjdk-i386/jre/lib/i386/libverify.so
b5d14000-b5d15000 r--p 0000b000 07:00 786602     /usr/lib/jvm/java-7-openjdk-i386/jre/lib/i386/libverify.so
b5d15000-b5d16000 rw-p 0000c000 07:00 786602     /usr/lib/jvm/java-7-openjdk-i386/jre/lib/i386/libverify.so
b5d16000-b5d1c000 r--p 00000000 07:00 287339     /usr/share/locale-langpack/fr/LC_MESSAGES/gdk-pixbuf.mo
b5d1c000-b5d21000 r-xp 00000000 07:00 604024     /usr/lib/i386-linux-gnu/gtk-2.0/modules/libcanberra-gtk-module.so
b5d21000-b5d22000 r--p 00004000 07:00 604024     /usr/lib/i386-linux-gnu/gtk-2.0/modules/libcanberra-gtk-module.so
b5d22000-b5d23000 rw-p 00005000 07:00 604024     /usr/lib/i386-linux-gnu/gtk-2.0/modules/libcanberra-gtk-module.so
b5d23000-b5d4e000 r--p 00000000 07:00 287383     /usr/share/locale-langpack/fr/LC_MESSAGES/gtk20-properties.mo
b5d4e000-b5d4f000 ---p 00000000 00:00 0 
b5d4f000-b654f000 rw-p 00000000 00:00 0 
b654f000-b6556000 r-xp 00000000 07:00 526411     /usr/lib/i386-linux-gnu/gio/modules/libdconfsettings.so
b6556000-b6557000 r--p 00006000 07:00 526411     /usr/lib/i386-linux-gnu/gio/modules/libdconfsettings.so
b6557000-b6558000 rw-p 00007000 07:00 526411     /usr/lib/i386-linux-gnu/gio/modules/libdconfsettings.so
b6558000-b657e000 r--p 00000000 07:00 525631     /usr/share/glib-2.0/schemas/gschemas.compiled
b657e000-b6597000 r--p 00000000 07:00 287467     /usr/share/locale-langpack/fr/LC_MESSAGES/glib20.mo
b6597000-b65a2000 r-xp 00000000 07:00 526004     /lib/i386-linux-gnu/libnss_files-2.15.so
b65a2000-b65a3000 r--p 0000a000 07:00 526004     /lib/i386-linux-gnu/libnss_files-2.15.so
b65a3000-b65a4000 rw-p 0000b000 07:00 526004     /lib/i386-linux-gnu/libnss_files-2.15.so
b65a4000-b65ae000 r-xp 00000000 07:00 526008     /lib/i386-linux-gnu/libnss_nis-2.15.so
b65ae000-b65af000 r--p 00009000 07:00 526008     /lib/i386-linux-gnu/libnss_nis-2.15.so
b65af000-b65b0000 rw-p 0000a000 07:00 526008     /lib/i386-linux-gnu/libnss_nis-2.15.so
b65b0000-b65c6000 r-xp 00000000 07:00 526020     /lib/i386-linux-gnu/libnsl-2.15.so
b65c6000-b65c7000 r--p 00015000 07:00 526020     /lib/i386-linux-gnu/libnsl-2.15.so
b65c7000-b65c8000 rw-p 00016000 07:00 526020     /lib/i386-linux-gnu/libnsl-2.15.so
b65c8000-b65ca000 rw-p 00000000 00:00 0 
b65ca000-b65d1000 r-xp 00000000 07:00 526002     /lib/i386-linux-gnu/libnss_compat-2.15.so
b65d1000-b65d2000 r--p 00006000 07:00 526002     /lib/i386-linux-gnu/libnss_compat-2.15.so
b65d2000-b65d3000 rw-p 00007000 07:00 526002     /lib/i386-linux-gnu/libnss_compat-2.15.so
b65d3000-b65d4000 r--s 00002000 07:00 786548     /usr/lib/jvm/java-7-openjdk-common/jre/lib/ext/dnsns.jar
b65d4000-b65d5000 r--s 00007000 07:00 131372     /usr/share/java/java-atk-wrapper.jar
b65d5000-b65e5000 r-xp 00000000 07:00 149106     /usr/lib/liboverlay-scrollbar-0.2.so.0.0.16
b65e5000-b65e6000 r--p 0000f000 07:00 149106     /usr/lib/liboverlay-scrollbar-0.2.so.0.0.16
b65e6000-b65e7000 rw-p 00010000 07:00 149106     /usr/lib/liboverlay-scrollbar-0.2.so.0.0.16
b65e7000-b660c000 r--p 00000000 07:00 280347     /usr/share/locale-langpack/fr/LC_MESSAGES/libc.mo
b660c000-b6613000 r--s 00000000 07:00 525931     /usr/lib/i386-linux-gnu/gconv/gconv-modules.cache
b6613000-b6630000 r-xp 00000000 07:00 526436     /usr/lib/i386-linux-gnu/libatk-1.0.so.0.20409.1
b6630000-b6632000 r--p 0001c000 07:00 526436     /usr/lib/i386-linux-gnu/libatk-1.0.so.0.20409.1
b6632000-b6633000 rw-p 0001e000 07:00 526436     /usr/lib/i386-linux-gnu/libatk-1.0.so.0.20409.1
b6633000-b6a93000 r-xp 00000000 07:00 530258     /usr/lib/i386-linux-gnu/libgtk-x11-2.0.so.0.2400.10
b6a93000-b6a97000 r--p 00460000 07:00 530258     /usr/lib/i386-linux-gnu/libgtk-x11-2.0.so.0.2400.10
b6a97000-b6a99000 rw-p 00464000 07:00 530258     /usr/lib/i386-linux-gnu/libgtk-x11-2.0.so.0.2400.10
b6a99000-b6a9b000 rw-p 00000000 00:00 0 
b6a9b000-b6aa0000 r-xp 00000000 07:00 545212     /usr/lib/i386-linux-gnu/libXdmcp.so.6.0.0
b6aa0000-b6aa1000 r--p 00004000 07:00 545212     /usr/lib/i386-linux-gnu/libXdmcp.so.6.0.0
b6aa1000-b6aa2000 rw-p 00005000 07:00 545212     /usr/lib/i386-linux-gnu/libXdmcp.so.6.0.0
b6aa2000-b6aa4000 r-xp 00000000 07:00 545206     /usr/lib/i386-linux-gnu/libXau.so.6.0.0
b6aa4000-b6aa5000 r--p 00001000 07:00 545206     /usr/lib/i386-linux-gnu/libXau.so.6.0.0
b6aa5000-b6aa6000 rw-p 00002000 07:00 545206     /usr/lib/i386-linux-gnu/libXau.so.6.0.0
b6aa6000-b6ac5000 r-xp 00000000 07:00 545219     /usr/lib/i386-linux-gnu/libxcb.so.1.1.0
b6ac5000-b6ac6000 r--p 0001f000 07:00 545219     /usr/lib/i386-linux-gnu/libxcb.so.1.1.0
b6ac6000-b6ac7000 rw-p 00020000 07:00 545219     /usr/lib/i386-linux-gnu/libxcb.so.1.1.0
b6ac7000-b6acf000 r-xp 00000000 07:00 545457     /usr/lib/i386-linux-gnu/libxcb-render.so.0.0.0
b6acf000-b6ad0000 r--p 00008000 07:00 545457     /usr/lib/i386-linux-gnu/libxcb-render.so.0.0.0
b6ad0000-b6ad1000 rw-p 00009000 07:00 545457     /usr/lib/i386-linux-gnu/libxcb-render.so.0.0.0
b6ad1000-b6ad3000 r-xp 00000000 07:00 526270     /usr/lib/i386-linux-gnu/libxcb-shm.so.0.0.0
b6ad3000-b6ad4000 r--p 00001000 07:00 526270     /usr/lib/i386-linux-gnu/libxcb-shm.so.0.0.0
b6ad4000-b6ad5000 rw-p 00002000 07:00 526270     /usr/lib/i386-linux-gnu/libxcb-shm.so.0.0.0
b6ad5000-b6afd000 r-xp 00000000 07:00 545450     /lib/i386-linux-gnu/libpng12.so.0.46.0
b6afd000-b6afe000 r--p 00027000 07:00 545450     /lib/i386-linux-gnu/libpng12.so.0.46.0
b6afe000-b6aff000 rw-p 00028000 07:00 545450     /lib/i386-linux-gnu/libpng12.so.0.46.0
b6aff000-b6b92000 r-xp 00000000 07:00 526261     /usr/lib/i386-linux-gnu/libpixman-1.so.0.24.4
b6b92000-b6b96000 r--p 00092000 07:00 526261     /usr/lib/i386-linux-gnu/libpixman-1.so.0.24.4
b6b96000-b6b97000 rw-p 00096000 07:00 526261     /usr/lib/i386-linux-gnu/libpixman-1.so.0.24.4
b6b97000-b6bbd000 r-xp 00000000 07:00 545436     /lib/i386-linux-gnu/libexpat.so.1.5.2
b6bbd000-b6bbe000 ---p 00026000 07:00 545436     /lib/i386-linux-gnu/libexpat.so.1.5.2
b6bbe000-b6bc0000 r--p 00026000 07:00 545436     /lib/i386-linux-gnu/libexpat.so.1.5.2
b6bc0000-b6bc1000 rw-p 00028000 07:00 545436     /lib/i386-linux-gnu/libexpat.so.1.5.2
b6bc1000-b6bd4000 r-xp 00000000 07:00 526005     /lib/i386-linux-gnu/libresolv-2.15.so
b6bd4000-b6bd5000 ---p 00013000 07:00 526005     /lib/i386-linux-gnu/libresolv-2.15.so
b6bd5000-b6bd6000 r--p 00013000 07:00 526005     /lib/i386-linux-gnu/libresolv-2.15.so
b6bd6000-b6bd7000 rw-p 00014000 07:00 526005     /lib/i386-linux-gnu/libresolv-2.15.so
b6bd7000-b6bd9000 rw-p 00000000 00:00 0 
b6bd9000-b6bf6000 r-xp 00000000 07:00 545263     /lib/i386-linux-gnu/libselinux.so.1
b6bf6000-b6bf7000 r--p 0001c000 07:00 545263     /lib/i386-linux-gnu/libselinux.so.1
b6bf7000-b6bf8000 rw-p 0001d000 07:00 545263     /lib/i386-linux-gnu/libselinux.so.1
b6bf8000-b6c0c000 r-xp 00000000 07:00 545190     /lib/i386-linux-gnu/libz.so.1.2.3.4
b6c0c000-b6c0d000 r--p 00013000 07:00 545190     /lib/i386-linux-gnu/libz.so.1.2.3.4
b6c0d000-b6c0e000 rw-p 00014000 07:00 545190     /lib/i386-linux-gnu/libz.so.1.2.3.4
b6c0e000-b6c11000 r-xp 00000000 07:00 526329     /usr/lib/i386-linux-gnu/libgmodule-2.0.so.0.3200.3
b6c11000-b6c12000 r--p 00002000 07:00 526329     /usr/lib/i386-linux-gnu/libgmodule-2.0.so.0.3200.3
b6c12000-b6c13000 rw-p 00003000 07:00 526329     /usr/lib/i386-linux-gnu/libgmodule-2.0.so.0.3200.3
b6c13000-b6ca8000 r-xp 00000000 07:00 545444     /usr/lib/i386-linux-gnu/libfreetype.so.6.8.0
b6ca8000-b6cac000 r--p 00094000 07:00 545444     /usr/lib/i386-linux-gnu/libfreetype.so.6.8.0
b6cac000-b6cad000 rw-p 00098000 07:00 545444     /usr/lib/i386-linux-gnu/libfreetype.so.6.8.0
b6cad000-b6cd7000 r-xp 00000000 07:00 530454     /usr/lib/i386-linux-gnu/libpangoft2-1.0.so.0.3000.0
b6cd7000-b6cd8000 r--p 00029000 07:00 530454     /usr/lib/i386-linux-gnu/libpangoft2-1.0.so.0.3000.0
b6cd8000-b6cd9000 rw-p 0002a000 07:00 530454     /usr/lib/i386-linux-gnu/libpangoft2-1.0.so.0.3000.0
b6cd9000-b6d03000 r-xp 00000000 07:00 526011     /lib/i386-linux-gnu/libm-2.15.so
b6d03000-b6d04000 r--p 00029000 07:00 526011     /lib/i386-linux-gnu/libm-2.15.so
b6d04000-b6d05000 rw-p 0002a000 07:00 526011     /lib/i386-linux-gnu/libm-2.15.so
b6d05000-b6e35000 r-xp 00000000 07:00 526785     /usr/lib/i386-linux-gnu/libX11.so.6.3.0
b6e35000-b6e36000 r--p 0012f000 07:00 526785     /usr/lib/i386-linux-gnu/libX11.so.6.3.0
b6e36000-b6e38000 rw-p 00130000 07:00 526785     /usr/lib/i386-linux-gnu/libX11.so.6.3.0
b6e38000-b6e39000 rw-p 00000000 00:00 0 
b6e39000-b6f00000 r-xp 00000000 07:00 526278     /usr/lib/i386-linux-gnu/libcairo.so.2.11000.2
b6f00000-b6f01000 r--p 000c7000 07:00 526278     /usr/lib/i386-linux-gnu/libcairo.so.2.11000.2
b6f01000-b6f02000 rw-p 000c8000 07:00 526278     /usr/lib/i386-linux-gnu/libcairo.so.2.11000.2
b6f02000-b6f04000 rw-p 00000000 00:00 0 
b6f04000-b6f08000 r-xp 00000000 07:00 545874     /usr/lib/i386-linux-gnu/libXfixes.so.3.1.0
b6f08000-b6f09000 r--p 00004000 07:00 545874     /usr/lib/i386-linux-gnu/libXfixes.so.3.1.0
b6f09000-b6f0a000 rw-p 00005000 07:00 545874     /usr/lib/i386-linux-gnu/libXfixes.so.3.1.0
b6f0a000-b6f0c000 r-xp 00000000 07:00 545886     /usr/lib/i386-linux-gnu/libXdamage.so.1.1.0
b6f0c000-b6f0d000 r--p 00001000 07:00 545886     /usr/lib/i386-linux-gnu/libXdamage.so.1.1.0
b6f0d000-b6f0e000 rw-p 00002000 07:00 545886     /usr/lib/i386-linux-gnu/libXdamage.so.1.1.0
b6f0e000-b6f10000 r-xp 00000000 07:00 545867     /usr/lib/i386-linux-gnu/libXcomposite.so.1.0.0
b6f10000-b6f11000 r--p 00001000 07:00 545867     /usr/lib/i386-linux-gnu/libXcomposite.so.1.0.0
b6f11000-b6f12000 rw-p 00002000 07:00 545867     /usr/lib/i386-linux-gnu/libXcomposite.so.1.0.0
b6f12000-b6f1b000 r-xp 00000000 07:00 545880     /usr/lib/i386-linux-gnu/libXcursor.so.1.0.2
b6f1b000-b6f1c000 r--p 00008000 07:00 545880     /usr/lib/i386-linux-gnu/libXcursor.so.1.0.2
b6f1c000-b6f1d000 rw-p 00009000 07:00 545880     /usr/lib/i386-linux-gnu/libXcursor.so.1.0.2
b6f1d000-b6f24000 r-xp 00000000 07:00 545906     /usr/lib/i386-linux-gnu/libXrandr.so.2.2.0
b6f24000-b6f25000 r--p 00006000 07:00 545906     /usr/lib/i386-linux-gnu/libXrandr.so.2.2.0
b6f25000-b6f26000 rw-p 00007000 07:00 545906     /usr/lib/i386-linux-gnu/libXrandr.so.2.2.0
b6f26000-b6f34000 r-xp 00000000 07:00 545893     /usr/lib/i386-linux-gnu/libXi.so.6.1.0
b6f34000-b6f35000 r--p 0000d000 07:00 545893     /usr/lib/i386-linux-gnu/libXi.so.6.1.0
b6f35000-b6f36000 rw-p 0000e000 07:00 545893     /usr/lib/i386-linux-gnu/libXi.so.6.1.0
b6f36000-b6f38000 r-xp 00000000 07:00 545899     /usr/lib/i386-linux-gnu/libXinerama.so.1.0.0
b6f38000-b6f39000 r--p 00001000 07:00 545899     /usr/lib/i386-linux-gnu/libXinerama.so.1.0.0
b6f39000-b6f3a000 rw-p 00002000 07:00 545899     /usr/lib/i386-linux-gnu/libXinerama.so.1.0.0
b6f3a000-b6f42000 r-xp 00000000 07:00 545463     /usr/lib/i386-linux-gnu/libXrender.so.1.3.0
b6f42000-b6f43000 r--p 00007000 07:00 545463     /usr/lib/i386-linux-gnu/libXrender.so.1.3.0
b6f43000-b6f44000 rw-p 00008000 07:00 545463     /usr/lib/i386-linux-gnu/libXrender.so.1.3.0
b6f44000-b6f54000 r-xp 00000000 07:00 545238     /usr/lib/i386-linux-gnu/libXext.so.6.4.0
b6f54000-b6f55000 r--p 0000f000 07:00 545238     /usr/lib/i386-linux-gnu/libXext.so.6.4.0
b6f55000-b6f56000 rw-p 00010000 07:00 545238     /usr/lib/i386-linux-gnu/libXext.so.6.4.0
b6f56000-b6f88000 r-xp 00000000 07:00 545424     /usr/lib/i386-linux-gnu/libfontconfig.so.1.4.4
b6f88000-b6f89000 r--p 00032000 07:00 545424     /usr/lib/i386-linux-gnu/libfontconfig.so.1.4.4
b6f89000-b6f8a000 rw-p 00033000 07:00 545424     /usr/lib/i386-linux-gnu/libfontconfig.so.1.4.4
b6f8a000-b70dd000 r-xp 00000000 07:00 526328     /usr/lib/i386-linux-gnu/libgio-2.0.so.0.3200.3
b70dd000-b70df000 r--p 00153000 07:00 526328     /usr/lib/i386-linux-gnu/libgio-2.0.so.0.3200.3
b70df000-b70e0000 rw-p 00155000 07:00 526328     /usr/lib/i386-linux-gnu/libgio-2.0.so.0.3200.3
b70e0000-b70e1000 rw-p 00000000 00:00 0 
b70e1000-b7100000 r-xp 00000000 07:00 530324     /usr/lib/i386-linux-gnu/libgdk_pixbuf-2.0.so.0.2600.1
b7100000-b7101000 r--p 0001e000 07:00 530324     /usr/lib/i386-linux-gnu/libgdk_pixbuf-2.0.so.0.2600.1
b7101000-b7102000 rw-p 0001f000 07:00 530324     /usr/lib/i386-linux-gnu/libgdk_pixbuf-2.0.so.0.2600.1
b7102000-b7149000 r-xp 00000000 07:00 530451     /usr/lib/i386-linux-gnu/libpango-1.0.so.0.3000.0
b7149000-b714a000 ---p 00047000 07:00 530451     /usr/lib/i386-linux-gnu/libpango-1.0.so.0.3000.0
b714a000-b714b000 r--p 00047000 07:00 530451     /usr/lib/i386-linux-gnu/libpango-1.0.so.0.3000.0
b714b000-b714c000 rw-p 00048000 07:00 530451     /usr/lib/i386-linux-gnu/libpango-1.0.so.0.3000.0
b714c000-b7157000 r-xp 00000000 07:00 530453     /usr/lib/i386-linux-gnu/libpangocairo-1.0.so.0.3000.0
b7157000-b7158000 r--p 0000a000 07:00 530453     /usr/lib/i386-linux-gnu/libpangocairo-1.0.so.0.3000.0
b7158000-b7159000 rw-p 0000b000 07:00 530453     /usr/lib/i386-linux-gnu/libpangocairo-1.0.so.0.3000.0
b7159000-b7204000 r-xp 00000000 07:00 530259     /usr/lib/i386-linux-gnu/libgdk-x11-2.0.so.0.2400.10
b7204000-b7205000 ---p 000ab000 07:00 530259     /usr/lib/i386-linux-gnu/libgdk-x11-2.0.so.0.2400.10
b7205000-b7207000 r--p 000ab000 07:00 530259     /usr/lib/i386-linux-gnu/libgdk-x11-2.0.so.0.2400.10
b7207000-b7208000 rw-p 000ad000 07:00 530259     /usr/lib/i386-linux-gnu/libgdk-x11-2.0.so.0.2400.10
b7208000-b720f000 r-xp 00000000 07:00 526007     /lib/i386-linux-gnu/librt-2.15.so
b720f000-b7210000 r--p 00006000 07:00 526007     /lib/i386-linux-gnu/librt-2.15.so
b7210000-b7211000 rw-p 00007000 07:00 526007     /lib/i386-linux-gnu/librt-2.15.so
b7211000-b724b000 r-xp 00000000 07:00 526194     /lib/i386-linux-gnu/libpcre.so.3.12.1
b724b000-b724c000 r--p 00039000 07:00 526194     /lib/i386-linux-gnu/libpcre.so.3.12.1
b724c000-b724d000 rw-p 0003a000 07:00 526194     /lib/i386-linux-gnu/libpcre.so.3.12.1
b724d000-b7252000 r-xp 00000000 07:00 526187     /usr/lib/i386-linux-gnu/libffi.so.6.0.0
b7252000-b7253000 r--p 00004000 07:00 526187     /usr/lib/i386-linux-gnu/libffi.so.6.0.0
b7253000-b7254000 rw-p 00005000 07:00 526187     /usr/lib/i386-linux-gnu/libffi.so.6.0.0
b7254000-b734b000 r-xp 00000000 07:00 526331     /lib/i386-linux-gnu/libglib-2.0.so.0.3200.3
b734b000-b734c000 r--p 000f6000 07:00 526331     /lib/i386-linux-gnu/libglib-2.0.so.0.3200.3
b734c000-b734d000 rw-p 000f7000 07:00 526331     /lib/i386-linux-gnu/libglib-2.0.so.0.3200.3
b734d000-b739a000 r-xp 00000000 07:00 526330     /usr/lib/i386-linux-gnu/libgobject-2.0.so.0.3200.3
b739a000-b739b000 r--p 0004c000 07:00 526330     /usr/lib/i386-linux-gnu/libgobject-2.0.so.0.3200.3
b739b000-b739c000 rw-p 0004d000 07:00 526330     /usr/lib/i386-linux-gnu/libgobject-2.0.so.0.3200.3
b739c000-b739f000 r--s 00032000 07:00 786547     /usr/lib/jvm/java-7-openjdk-common/jre/lib/ext/sunjce_provider.jar
b739f000-b73a0000 rw-p 00000000 00:00 0 
b73a0000-b73a1000 r--p 00000000 00:00 0 
b73a1000-b73b0000 r--p 00000000 07:00 287340     /usr/share/locale-langpack/fr/LC_MESSAGES/gtk20.mo
b73b0000-b75b0000 r--p 00000000 07:00 139374     /usr/lib/locale/locale-archive
b75b0000-b75b1000 rw-p 00000000 00:00 0 
b75b1000-b7754000 r-xp 00000000 07:00 526000     /lib/i386-linux-gnu/libc-2.15.so
b7754000-b7755000 ---p 001a3000 07:00 526000     /lib/i386-linux-gnu/libc-2.15.so
b7755000-b7757000 r--p 001a3000 07:00 526000     /lib/i386-linux-gnu/libc-2.15.so
b7757000-b7758000 rw-p 001a5000 07:00 526000     /lib/i386-linux-gnu/libc-2.15.so
b7758000-b775c000 rw-p 00000000 00:00 0 
b775c000-b775f000 r-xp 00000000 07:00 526015     /lib/i386-linux-gnu/libdl-2.15.so
b775f000-b7760000 r--p 00002000 07:00 526015     /lib/i386-linux-gnu/libdl-2.15.so
b7760000-b7761000 rw-p 00003000 07:00 526015     /lib/i386-linux-gnu/libdl-2.15.so
b7761000-b7778000 r-xp 00000000 07:00 526009     /lib/i386-linux-gnu/libpthread-2.15.so
b7778000-b7779000 r--p 00016000 07:00 526009     /lib/i386-linux-gnu/libpthread-2.15.so
b7779000-b777a000 rw-p 00017000 07:00 526009     /lib/i386-linux-gnu/libpthread-2.15.so
b777a000-b777c000 rw-p 00000000 00:00 0 
b777c000-b777e000 r--p 00000000 07:00 927644     /home/rahma/.config/dconf/user
b777e000-b777f000 r--s 00000000 07:00 929224     /home/rahma/.cache/dconf/user
b777f000-b778d000 r-xp 00000000 07:00 176309     /usr/lib/eclipse/plugins/org.eclipse.equinox.launcher.gtk.linux.x86_1.1.100.dist/eclipse_1408.so
b778d000-b778e000 r--p 0000d000 07:00 176309     /usr/lib/eclipse/plugins/org.eclipse.equinox.launcher.gtk.linux.x86_1.1.100.dist/eclipse_1408.so
b778e000-b778f000 rw-p 0000e000 07:00 176309     /usr/lib/eclipse/plugins/org.eclipse.equinox.launcher.gtk.linux.x86_1.1.100.dist/eclipse_1408.so
b778f000-b7790000 r--p 002ba000 07:00 139374     /usr/lib/locale/locale-archive
b7790000-b7792000 rw-p 00000000 00:00 0 
b7792000-b7793000 r-xp 00000000 00:00 0          [vdso]
b7793000-b77b3000 r-xp 00000000 07:00 526012     /lib/i386-linux-gnu/ld-2.15.so
b77b3000-b77b4000 r--p 0001f000 07:00 526012     /lib/i386-linux-gnu/ld-2.15.so
b77b4000-b77b5000 rw-p 00020000 07:00 526012     /lib/i386-linux-gnu/ld-2.15.so
bf809000-bf80c000 ---p 00000000 00:00 0 
bf80d000-bf859000 rw-p 00000000 00:00 0          [stack]

VM Arguments:
jvm_args: -Xms40m -Xmx384m -Dorg.eclipse.equinox.p2.reconciler.dropins.directory=/usr/share/eclipse/dropins -XX:MaxPermSize=256m 
java_command: <unknown>
Launcher Type: generic

Environment Variables:
PATH=/usr/lib/lightdm/lightdm:/usr/local/sbin:/usr/local/bin:/usr/sbin:/usr/bin:/sbin:/bin:/usr/games
LD_LIBRARY_PATH=/usr/lib/jvm/java-7-openjdk-i386/jre/lib/i386/client:/usr/lib/jvm/java-7-openjdk-i386/jre/lib/i386:
SHELL=/bin/bash
DISPLAY=:0

Signal Handlers:
SIGSEGV: [libjvm.so+0x49d3b0], sa_mask[0]=0x7ffbfeff, sa_flags=0x10000004
SIGBUS: [libjvm.so+0x49d3b0], sa_mask[0]=0x7ffbfeff, sa_flags=0x10000004
SIGFPE: [libjvm.so+0x3969c0], sa_mask[0]=0x7ffbfeff, sa_flags=0x10000004
SIGPIPE: SIG_IGN, sa_mask[0]=0x00001000, sa_flags=0x10000000
SIGXFSZ: [libjvm.so+0x3969c0], sa_mask[0]=0x7ffbfeff, sa_flags=0x10000004
SIGILL: [libjvm.so+0x3969c0], sa_mask[0]=0x7ffbfeff, sa_flags=0x10000004
SIGUSR1: SIG_DFL, sa_mask[0]=0x00000000, sa_flags=0x00000000
SIGUSR2: [libjvm.so+0x396850], sa_mask[0]=0x00000000, sa_flags=0x10000004
SIGHUP: [libjvm.so+0x396e80], sa_mask[0]=0x7ffbfeff, sa_flags=0x10000004
SIGINT: [libjvm.so+0x396e80], sa_mask[0]=0x7ffbfeff, sa_flags=0x10000004
SIGTERM: [libjvm.so+0x396e80], sa_mask[0]=0x7ffbfeff, sa_flags=0x10000004
SIGQUIT: [libjvm.so+0x396e80], sa_mask[0]=0x7ffbfeff, sa_flags=0x10000004


---------------  S Y S T E M  ---------------

OS:Ubuntu 12.04 (precise)
uname:Linux 3.2.0-39-generic-pae #62-Ubuntu SMP Wed Feb 27 22:25:11 UTC 2013 i686
libc:glibc 2.15 NPTL 2.15 
rlimit: STACK 8192k, CORE 0k, NPROC 27742, NOFILE 4096, AS infinity
load average:0,07 0,44 0,34

/proc/meminfo:
MemTotal:        3571084 kB
MemFree:          569548 kB
Buffers:          687212 kB
Cached:          1858072 kB
SwapCached:            0 kB
Active:           634696 kB
Inactive:        2257212 kB
Active(anon):     268796 kB
Inactive(anon):    79420 kB
Active(file):     365900 kB
Inactive(file):  2177792 kB
Unevictable:           0 kB
Mlocked:               0 kB
HighTotal:       2736272 kB
HighFree:         501172 kB
LowTotal:         834812 kB
LowFree:           68376 kB
SwapTotal:        261116 kB
SwapFree:         261116 kB
Dirty:             22532 kB
Writeback:             0 kB
AnonPages:        346708 kB
Mapped:           132052 kB
Shmem:              1592 kB
Slab:              60492 kB
SReclaimable:      42156 kB
SUnreclaim:        18336 kB
KernelStack:        3136 kB
PageTables:         6924 kB
NFS_Unstable:          0 kB
Bounce:                0 kB
WritebackTmp:          0 kB
CommitLimit:     2046656 kB
Committed_AS:    2254796 kB
VmallocTotal:     122880 kB
VmallocUsed:       19236 kB
VmallocChunk:     102196 kB
HardwareCorrupted:     0 kB
AnonHugePages:         0 kB
HugePages_Total:       0
HugePages_Free:        0
HugePages_Rsvd:        0
HugePages_Surp:        0
Hugepagesize:       2048 kB
DirectMap4k:        8184 kB
DirectMap2M:      905216 kB


CPU:total 4 (4 cores per cpu, 1 threads per core) family 18 model 1 stepping 0, cmov, cx8, fxsr, mmx, sse, sse2, sse3, popcnt, mmxext, 3dnowpref, lzcnt, sse4a, tsc, tscinvbit, tscinv

/proc/cpuinfo:
processor	: 0
vendor_id	: AuthenticAMD
cpu family	: 18
model		: 1
model name	: AMD A8-3510MX APU with Radeon(tm) HD Graphics
stepping	: 0
microcode	: 0x300000f
cpu MHz		: 800.000
cache size	: 1024 KB
physical id	: 0
siblings	: 4
core id		: 0
cpu cores	: 4
apicid		: 0
initial apicid	: 0
fdiv_bug	: no
hlt_bug		: no
f00f_bug	: no
coma_bug	: no
fpu		: yes
fpu_exception	: yes
cpuid level	: 6
wp		: yes
flags		: fpu vme de pse tsc msr pae mce cx8 apic sep mtrr pge mca cmov pat pse36 clflush mmx fxsr sse sse2 ht syscall nx mmxext fxsr_opt pdpe1gb rdtscp lm 3dnowext 3dnow constant_tsc nonstop_tsc extd_apicid aperfmperf pni monitor cx16 popcnt lahf_lm cmp_legacy svm extapic cr8_legacy abm sse4a misalignsse 3dnowprefetch osvw ibs skinit wdt arat cpb npt lbrv svm_lock nrip_save pausefilter
bogomips	: 3593.65
clflush size	: 64
cache_alignment	: 64
address sizes	: 40 bits physical, 48 bits virtual
power management: ts ttp tm stc 100mhzsteps hwpstate cpb

processor	: 1
vendor_id	: AuthenticAMD
cpu family	: 18
model		: 1
model name	: AMD A8-3510MX APU with Radeon(tm) HD Graphics
stepping	: 0
microcode	: 0x300000f
cpu MHz		: 800.000
cache size	: 1024 KB
physical id	: 0
siblings	: 4
core id		: 1
cpu cores	: 4
apicid		: 1
initial apicid	: 1
fdiv_bug	: no
hlt_bug		: no
f00f_bug	: no
coma_bug	: no
fpu		: yes
fpu_exception	: yes
cpuid level	: 6
wp		: yes
flags		: fpu vme de pse tsc msr pae mce cx8 apic sep mtrr pge mca cmov pat pse36 clflush mmx fxsr sse sse2 ht syscall nx mmxext fxsr_opt pdpe1gb rdtscp lm 3dnowext 3dnow constant_tsc nonstop_tsc extd_apicid aperfmperf pni monitor cx16 popcnt lahf_lm cmp_legacy svm extapic cr8_legacy abm sse4a misalignsse 3dnowprefetch osvw ibs skinit wdt arat cpb npt lbrv svm_lock nrip_save pausefilter
bogomips	: 3593.37
clflush size	: 64
cache_alignment	: 64
address sizes	: 40 bits physical, 48 bits virtual
power management: ts ttp tm stc 100mhzsteps hwpstate cpb

processor	: 2
vendor_id	: AuthenticAMD
cpu family	: 18
model		: 1
model name	: AMD A8-3510MX APU with Radeon(tm) HD Graphics
stepping	: 0
microcode	: 0x300000f
cpu MHz		: 1800.000
cache size	: 1024 KB
physical id	: 0
siblings	: 4
core id		: 2
cpu cores	: 4
apicid		: 2
initial apicid	: 2
fdiv_bug	: no
hlt_bug		: no
f00f_bug	: no
coma_bug	: no
fpu		: yes
fpu_exception	: yes
cpuid level	: 6
wp		: yes
flags		: fpu vme de pse tsc msr pae mce cx8 apic sep mtrr pge mca cmov pat pse36 clflush mmx fxsr sse sse2 ht syscall nx mmxext fxsr_opt pdpe1gb rdtscp lm 3dnowext 3dnow constant_tsc nonstop_tsc extd_apicid aperfmperf pni monitor cx16 popcnt lahf_lm cmp_legacy svm extapic cr8_legacy abm sse4a misalignsse 3dnowprefetch osvw ibs skinit wdt arat cpb npt lbrv svm_lock nrip_save pausefilter
bogomips	: 3593.38
clflush size	: 64
cache_alignment	: 64
address sizes	: 40 bits physical, 48 bits virtual
power management: ts ttp tm stc 100mhzsteps hwpstate cpb

processor	: 3
vendor_id	: AuthenticAMD
cpu family	: 18
model		: 1
model name	: AMD A8-3510MX APU with Radeon(tm) HD Graphics
stepping	: 0
microcode	: 0x300000f
cpu MHz		: 1800.000
cache size	: 1024 KB
physical id	: 0
siblings	: 4
core id		: 3
cpu cores	: 4
apicid		: 3
initial apicid	: 3
fdiv_bug	: no
hlt_bug		: no
f00f_bug	: no
coma_bug	: no
fpu		: yes
fpu_exception	: yes
cpuid level	: 6
wp		: yes
flags		: fpu vme de pse tsc msr pae mce cx8 apic sep mtrr pge mca cmov pat pse36 clflush mmx fxsr sse sse2 ht syscall nx mmxext fxsr_opt pdpe1gb rdtscp lm 3dnowext 3dnow constant_tsc nonstop_tsc extd_apicid aperfmperf pni monitor cx16 popcnt lahf_lm cmp_legacy svm extapic cr8_legacy abm sse4a misalignsse 3dnowprefetch osvw ibs skinit wdt arat cpb npt lbrv svm_lock nrip_save pausefilter
bogomips	: 3593.21
clflush size	: 64
cache_alignment	: 64
address sizes	: 40 bits physical, 48 bits virtual
power management: ts ttp tm stc 100mhzsteps hwpstate cpb



Memory: 4k page, physical 3571084k(569548k free), swap 261116k(261116k free)

vm_info: OpenJDK Client VM (23.7-b01) for linux-x86 JRE (1.7.0_15-b20), built on Mar  6 2013 20:44:50 by "buildd" with gcc 4.6.3

time: Wed Mar 27 10:01:33 2013
elapsed time: 64 seconds

